Watching for file changes with StatReloader
Watching for file changes with StatReloader
Forbidden (CSRF token from POST incorrect.): /admin/login/
"POST /admin/login/?next=/admin/ HTTP/1.1" 403 2560
"GET / HTTP/1.1" 200 14870
"GET /static/js/header.js HTTP/1.1" 304 0
"GET /static/css/mainPage.css HTTP/1.1" 304 0
"GET /static/css/footer.css HTTP/1.1" 304 0
"GET /static/css/logged_out.css HTTP/1.1" 304 0
"GET /static/css/collections_list.css HTTP/1.1" 304 0
"GET /static/css/collection_list.css HTTP/1.1" 304 0
"GET /static/font-awesome/css/font-awesome.min.css HTTP/1.1" 304 0
"GET /static/css/slider.css HTTP/1.1" 304 0
"GET /static/js/jquery.js HTTP/1.1" 304 0
"GET /static/js/slider.js HTTP/1.1" 304 0
"GET /static/img/img-slider/plush_preorder_banner_2048x.webp HTTP/1.1" 304 0
"GET /static/img/img-slider/omori_preorder_banner_2048x.webp HTTP/1.1" 304 0
"GET /static/img/img-slider/omori_banner1_71c5059d-da1e-4e64-b7e2-bf14d1545962_2048x.webp HTTP/1.1" 304 0
"GET /static/img/logo.jpg HTTP/1.1" 304 0
"GET /static/js/ajax_search.js HTTP/1.1" 304 0
"GET /static/img/search.svg HTTP/1.1" 304 0
"GET /static/img/shopping-cart.svg HTTP/1.1" 304 0
"GET /static/img/user.svg HTTP/1.1" 304 0
"GET /static/img/search-button.svg HTTP/1.1" 304 0
"GET /static/img/cancel.svg HTTP/1.1" 304 0
"GET /static/font-awesome/fonts/fontawesome-webfont.woff2?v=4.7.0 HTTP/1.1" 304 0
"GET /cart/view_cart/ HTTP/1.1" 200 27
"GET /admin/ HTTP/1.1" 200 10684
"GET /admin/ HTTP/1.1" 200 10684
"GET /admin/logout/ HTTP/1.1" 200 14177
"GET /cart/view_cart/ HTTP/1.1" 302 0
"GET /static/img/user-hover.svg HTTP/1.1" 304 0
Not Found: /accounts/login/
"GET /accounts/login/?next=/cart/view_cart/ HTTP/1.1" 404 5292
"GET / HTTP/1.1" 200 14831
"GET /cart/view_cart/ HTTP/1.1" 302 0
Not Found: /accounts/login/
"GET /accounts/login/?next=/cart/view_cart/ HTTP/1.1" 404 5292
"GET /admin/ HTTP/1.1" 302 0
"GET /admin/login/?next=/admin/ HTTP/1.1" 200 2302
"POST /admin/login/?next=/admin/ HTTP/1.1" 200 2570
"POST /admin/login/?next=/admin/ HTTP/1.1" 200 2570
"POST /admin/login/?next=/admin/ HTTP/1.1" 200 2570
C:\Users\yauro\UWUDEAD_Shop\OMODED_Shop\settings.py changed, reloading.
Watching for file changes with StatReloader
"POST /admin/login/?next=/admin/ HTTP/1.1" 302 0
"GET /admin/ HTTP/1.1" 200 10684
"GET /admin/logout/ HTTP/1.1" 200 14177
"GET /cart/view_cart/ HTTP/1.1" 302 0
Not Found: /accounts/login/
"GET /accounts/login/?next=/cart/view_cart/ HTTP/1.1" 404 5292
"GET /static/img/shopping-cart-hover.svg HTTP/1.1" 304 0
"GET / HTTP/1.1" 200 14831
"GET /cart/view_cart/ HTTP/1.1" 302 0
Not Found: /accounts/login/
"GET /accounts/login/?next=/cart/view_cart/ HTTP/1.1" 404 5292
Watching for file changes with StatReloader
"GET / HTTP/1.1" 200 14831
"GET /static/js/header.js HTTP/1.1" 304 0
"GET /static/css/mainPage.css HTTP/1.1" 304 0
"GET /static/css/footer.css HTTP/1.1" 304 0
"GET /static/css/collections_list.css HTTP/1.1" 304 0
"GET /static/css/collection_list.css HTTP/1.1" 304 0
"GET /static/css/logged_out.css HTTP/1.1" 304 0
"GET /static/font-awesome/css/font-awesome.min.css HTTP/1.1" 304 0
"GET /static/css/slider.css HTTP/1.1" 304 0
"GET /static/js/jquery.js HTTP/1.1" 304 0
"GET /static/js/slider.js HTTP/1.1" 304 0
"GET /static/js/ajax_search.js HTTP/1.1" 304 0
"GET /static/js/ajax_cart.js HTTP/1.1" 304 0
"GET /static/img/img-slider/omori_preorder_banner_2048x.webp HTTP/1.1" 304 0
"GET /static/img/img-slider/omori_banner1_71c5059d-da1e-4e64-b7e2-bf14d1545962_2048x.webp HTTP/1.1" 304 0
"GET /static/img/img-slider/plush_preorder_banner_2048x.webp HTTP/1.1" 304 0
"GET /static/img/logo.jpg HTTP/1.1" 304 0
"GET /static/img/search.svg HTTP/1.1" 304 0
"GET /static/img/search-button.svg HTTP/1.1" 304 0
"GET /static/img/user.svg HTTP/1.1" 304 0
"GET /static/img/cancel.svg HTTP/1.1" 304 0
"GET /static/img/shopping-cart.svg HTTP/1.1" 304 0
"GET /static/font-awesome/fonts/fontawesome-webfont.woff2?v=4.7.0 HTTP/1.1" 304 0
"GET /cart/view_cart/ HTTP/1.1" 302 0
"GET /static/img/favicon.ico HTTP/1.1" 304 0
Not Found: /accounts/login/
"GET /accounts/login/?next=/cart/view_cart/ HTTP/1.1" 404 5292
"GET /collections/omori/ HTTP/1.1" 200 15367
"GET /media/photos/22-06-13/omori_hoodie.jpg HTTP/1.1" 304 0
"GET /media/photos/22-06-13/omori_plushie.png HTTP/1.1" 304 0
"GET /cart/view_cart/ HTTP/1.1" 302 0
Not Found: /accounts/login/
"GET /accounts/login/?next=/cart/view_cart/ HTTP/1.1" 404 5292
"GET /collections/omori/product/omori-hoodie/ HTTP/1.1" 200 18405
"GET /static/css/product.css HTTP/1.1" 304 0
"GET /static/js/product.js HTTP/1.1" 304 0
"GET /cart/view_cart/ HTTP/1.1" 302 0
Not Found: /accounts/login/
"GET /accounts/login/?next=/cart/view_cart/ HTTP/1.1" 404 5292
"GET /collections/ HTTP/1.1" 200 15770
"GET /cart/view_cart/ HTTP/1.1" 302 0
Not Found: /accounts/login/
"GET /accounts/login/?next=/cart/view_cart/ HTTP/1.1" 404 5292
"GET /collections/omori/ HTTP/1.1" 200 15367
"GET /cart/view_cart/ HTTP/1.1" 302 0
Not Found: /accounts/login/
"GET /accounts/login/?next=/cart/view_cart/ HTTP/1.1" 404 5292
"GET / HTTP/1.1" 200 14831
"GET /cart/view_cart/ HTTP/1.1" 302 0
Not Found: /accounts/login/
"GET /accounts/login/?next=/cart/view_cart/ HTTP/1.1" 404 5292
"GET /collections/ HTTP/1.1" 200 15770
"GET /static/css/mainPage.css HTTP/1.1" 304 0
"GET /static/js/header.js HTTP/1.1" 304 0
"GET /static/css/collections_list.css HTTP/1.1" 304 0
"GET /static/css/footer.css HTTP/1.1" 304 0
"GET /static/font-awesome/css/font-awesome.min.css HTTP/1.1" 304 0
"GET /static/js/jquery.js HTTP/1.1" 304 0
"GET /static/css/collection_list.css HTTP/1.1" 304 0
"GET /static/css/logged_out.css HTTP/1.1" 304 0
"GET /static/js/ajax_search.js HTTP/1.1" 304 0
"GET /static/js/ajax_cart.js HTTP/1.1" 304 0
"GET /static/img/logo.jpg HTTP/1.1" 304 0
"GET /static/img/search.svg HTTP/1.1" 304 0
"GET /static/img/shopping-cart.svg HTTP/1.1" 304 0
"GET /static/img/cancel.svg HTTP/1.1" 304 0
"GET /static/img/search-button.svg HTTP/1.1" 304 0
"GET /static/img/user.svg HTTP/1.1" 304 0
"GET /static/font-awesome/fonts/fontawesome-webfont.woff2?v=4.7.0 HTTP/1.1" 304 0
"GET /cart/view_cart/ HTTP/1.1" 302 0
Not Found: /accounts/login/
"GET /accounts/login/?next=/cart/view_cart/ HTTP/1.1" 404 5292
"GET /collections/omori/ HTTP/1.1" 200 15367
"GET /media/photos/22-06-13/omori_hoodie.jpg HTTP/1.1" 304 0
"GET /media/photos/22-06-13/omori_plushie.png HTTP/1.1" 304 0
"GET /cart/view_cart/ HTTP/1.1" 302 0
Not Found: /accounts/login/
"GET /accounts/login/?next=/cart/view_cart/ HTTP/1.1" 404 5292
"GET /collections/omori/product/omori-hoodie/ HTTP/1.1" 200 18405
"GET /static/css/product.css HTTP/1.1" 304 0
"GET /static/js/product.js HTTP/1.1" 304 0
"GET /cart/view_cart/ HTTP/1.1" 302 0
Not Found: /accounts/login/
"GET /accounts/login/?next=/cart/view_cart/ HTTP/1.1" 404 5292
"GET / HTTP/1.1" 200 14831
"GET /static/css/slider.css HTTP/1.1" 304 0
"GET /static/js/slider.js HTTP/1.1" 304 0
"GET /static/img/img-slider/omori_banner1_71c5059d-da1e-4e64-b7e2-bf14d1545962_2048x.webp HTTP/1.1" 304 0
"GET /static/img/img-slider/omori_preorder_banner_2048x.webp HTTP/1.1" 304 0
"GET /static/img/img-slider/plush_preorder_banner_2048x.webp HTTP/1.1" 304 0
"GET /cart/view_cart/ HTTP/1.1" 302 0
Not Found: /accounts/login/
"GET /accounts/login/?next=/cart/view_cart/ HTTP/1.1" 404 5292
Watching for file changes with StatReloader
"GET / HTTP/1.1" 200 14831
"GET /cart/view_cart/ HTTP/1.1" 302 0
"GET /static/img/favicon.ico HTTP/1.1" 304 0
Not Found: /accounts/login/
"GET /accounts/login/?next=/cart/view_cart/ HTTP/1.1" 404 5292
"GET /search/?q=om HTTP/1.1" 200 240
"GET /search/?csrfmiddlewaretoken=CfxwD4cB0WYPJNbe7gz62AXy8KDOKcogV5E8ADuc2QPuYqICrzsdfd8tXgYLun9q&q=om HTTP/1.1" 200 14121
"GET /cart/view_cart/ HTTP/1.1" 302 0
Not Found: /accounts/login/
"GET /accounts/login/?next=/cart/view_cart/ HTTP/1.1" 404 5292
"GET /search/?csrfmiddlewaretoken=CfxwD4cB0WYPJNbe7gz62AXy8KDOKcogV5E8ADuc2QPuYqICrzsdfd8tXgYLun9q&q=om HTTP/1.1" 200 14121
"GET /cart/view_cart/ HTTP/1.1" 302 0
Not Found: /accounts/login/
"GET /accounts/login/?next=/cart/view_cart/ HTTP/1.1" 404 5292
C:\Users\yauro\UWUDEAD_Shop\shop\views.py changed, reloading.
Watching for file changes with StatReloader
"GET /search/?csrfmiddlewaretoken=CfxwD4cB0WYPJNbe7gz62AXy8KDOKcogV5E8ADuc2QPuYqICrzsdfd8tXgYLun9q&q=om HTTP/1.1" 200 14789
"GET /static/css/search.css HTTP/1.1" 200 1483
"GET /cart/view_cart/ HTTP/1.1" 302 0
Not Found: /accounts/login/
"GET /accounts/login/?next=/cart/view_cart/ HTTP/1.1" 404 5292
"GET /search/?csrfmiddlewaretoken=CfxwD4cB0WYPJNbe7gz62AXy8KDOKcogV5E8ADuc2QPuYqICrzsdfd8tXgYLun9q&q=om HTTP/1.1" 200 15346
"GET /static/css/search.css HTTP/1.1" 304 0
"GET /cart/view_cart/ HTTP/1.1" 302 0
Not Found: /accounts/login/
"GET /accounts/login/?next=/cart/view_cart/ HTTP/1.1" 404 5292
"GET /search/?csrfmiddlewaretoken=CfxwD4cB0WYPJNbe7gz62AXy8KDOKcogV5E8ADuc2QPuYqICrzsdfd8tXgYLun9q&q=om HTTP/1.1" 200 15560
"GET /static/css/search.css HTTP/1.1" 304 0
Not Found: /search/photos/22-06-13/omori_plushie.png
Not Found: /search/photos/22-06-13/omori_hoodie.jpg
"GET /search/photos/22-06-13/omori_plushie.png HTTP/1.1" 404 5345
"GET /search/photos/22-06-13/omori_hoodie.jpg HTTP/1.1" 404 5342
"GET /cart/view_cart/ HTTP/1.1" 302 0
Not Found: /accounts/login/
"GET /accounts/login/?next=/cart/view_cart/ HTTP/1.1" 404 5292
Watching for file changes with StatReloader
"GET /search/?csrfmiddlewaretoken=CfxwD4cB0WYPJNbe7gz62AXy8KDOKcogV5E8ADuc2QPuYqICrzsdfd8tXgYLun9q&q=om HTTP/1.1" 200 15560
Not Found: /search/photos/22-06-13/omori_plushie.png
Not Found: /search/photos/22-06-13/omori_hoodie.jpg
"GET /search/photos/22-06-13/omori_plushie.png HTTP/1.1" 404 5345
"GET /search/photos/22-06-13/omori_hoodie.jpg HTTP/1.1" 404 5342
"GET /cart/view_cart/ HTTP/1.1" 302 0
Not Found: /accounts/login/
"GET /accounts/login/?next=/cart/view_cart/ HTTP/1.1" 404 5292
"GET / HTTP/1.1" 200 14831
"GET /static/img/user-hover.svg HTTP/1.1" 304 0
"GET /cart/view_cart/ HTTP/1.1" 302 0
Not Found: /accounts/login/
"GET /accounts/login/?next=/cart/view_cart/ HTTP/1.1" 404 5292
"GET /static/img/search-hover.svg HTTP/1.1" 304 0
"GET /search/?q=om HTTP/1.1" 200 240
"GET /search/?csrfmiddlewaretoken=Hl8JWETcXksSOzOV615AcnnKCEQICTah0bflTdbNZejx3cljqkYHp0yFrabFm4Vr&q=om HTTP/1.1" 200 15560
Not Found: /search/photos/22-06-13/omori_plushie.png
Not Found: /search/photos/22-06-13/omori_hoodie.jpg
"GET /search/photos/22-06-13/omori_hoodie.jpg HTTP/1.1" 404 5342
"GET /search/photos/22-06-13/omori_plushie.png HTTP/1.1" 404 5345
"GET /cart/view_cart/ HTTP/1.1" 302 0
Not Found: /accounts/login/
"GET /accounts/login/?next=/cart/view_cart/ HTTP/1.1" 404 5292
"GET /search/?csrfmiddlewaretoken=Hl8JWETcXksSOzOV615AcnnKCEQICTah0bflTdbNZejx3cljqkYHp0yFrabFm4Vr&q=om HTTP/1.1" 200 15574
"GET /cart/view_cart/ HTTP/1.1" 302 0
Not Found: /accounts/login/
"GET /accounts/login/?next=/cart/view_cart/ HTTP/1.1" 404 5292
"GET /search/?q=om HTTP/1.1" 200 240
"GET /static/img/cancel-hover.svg HTTP/1.1" 304 0
"GET / HTTP/1.1" 200 14831
"GET /cart/view_cart/ HTTP/1.1" 302 0
Not Found: /accounts/login/
"GET /accounts/login/?next=/cart/view_cart/ HTTP/1.1" 404 5292
"GET /collections/ HTTP/1.1" 200 15770
"GET /cart/view_cart/ HTTP/1.1" 302 0
Not Found: /accounts/login/
"GET /accounts/login/?next=/cart/view_cart/ HTTP/1.1" 404 5292
"GET /collections/omori/ HTTP/1.1" 200 15367
"GET /cart/view_cart/ HTTP/1.1" 302 0
Not Found: /accounts/login/
"GET /accounts/login/?next=/cart/view_cart/ HTTP/1.1" 404 5292
"GET /collections/omori/product/omori-hoodie/ HTTP/1.1" 200 18405
"GET /cart/view_cart/ HTTP/1.1" 302 0
Not Found: /accounts/login/
"GET /accounts/login/?next=/cart/view_cart/ HTTP/1.1" 404 5292
"GET /static/img/shopping-cart-hover.svg HTTP/1.1" 304 0
"GET /account/login/ HTTP/1.1" 200 14843
"GET /static/css/login.css HTTP/1.1" 304 0
"GET /cart/view_cart/ HTTP/1.1" 302 0
Not Found: /accounts/login/
"GET /accounts/login/?next=/cart/view_cart/ HTTP/1.1" 404 5292
"POST /account/login/ HTTP/1.1" 302 0
"GET / HTTP/1.1" 200 15135
"GET /cart/view_cart/ HTTP/1.1" 200 225
"GET / HTTP/1.1" 200 15135
"GET /cart/view_cart/ HTTP/1.1" 200 225
"GET /collections/omori/ HTTP/1.1" 200 15671
"GET /cart/view_cart/ HTTP/1.1" 200 225
"GET /collections/omori/product/omori-hoodie/ HTTP/1.1" 200 18709
"GET /cart/view_cart/ HTTP/1.1" 200 225
"GET /account/profile/ HTTP/1.1" 200 14873
"GET /static/css/profile.css HTTP/1.1" 200 1539
"GET /cart/view_cart/ HTTP/1.1" 200 225
"GET /account/logout/ HTTP/1.1" 200 14177
"GET /cart/view_cart/ HTTP/1.1" 302 0
Not Found: /accounts/login/
"GET /accounts/login/?next=/cart/view_cart/ HTTP/1.1" 404 5292
"GET /account/login/ HTTP/1.1" 200 14843
"GET /cart/view_cart/ HTTP/1.1" 302 0
Not Found: /accounts/login/
"GET /accounts/login/?next=/cart/view_cart/ HTTP/1.1" 404 5292
"POST /account/login/ HTTP/1.1" 302 0
"GET / HTTP/1.1" 200 14870
"GET /cart/view_cart/ HTTP/1.1" 200 27
"GET /collections/omori/ HTTP/1.1" 200 15406
"GET /cart/view_cart/ HTTP/1.1" 200 27
"GET /collections/omori/product/omori-hoodie/ HTTP/1.1" 200 18444
"GET /cart/view_cart/ HTTP/1.1" 200 27
"GET /cart/add-to-cart/1/?csrfmiddlewaretoken=9ej4349HhI8KtIgMKrXoharKnCcNgAm15jyqqWvqYdUEahbdfnlyhfnaaxo4E0rw&properties%5BProduct+Type%5D=normal&quantity=1&add= HTTP/1.1" 302 0
"GET / HTTP/1.1" 200 15037
"GET /cart/view_cart/ HTTP/1.1" 200 129
"GET /account/profile/ HTTP/1.1" 200 14776
"GET /cart/view_cart/ HTTP/1.1" 200 129
"GET /account/logout/ HTTP/1.1" 200 14177
"GET /cart/view_cart/ HTTP/1.1" 302 0
Not Found: /accounts/login/
"GET /accounts/login/?next=/cart/view_cart/ HTTP/1.1" 404 5292
"GET / HTTP/1.1" 200 14831
"GET /cart/view_cart/ HTTP/1.1" 302 0
Not Found: /accounts/login/
"GET /accounts/login/?next=/cart/view_cart/ HTTP/1.1" 404 5292
"GET /collections/omori/ HTTP/1.1" 200 15367
"GET /cart/view_cart/ HTTP/1.1" 302 0
Not Found: /accounts/login/
"GET /accounts/login/?next=/cart/view_cart/ HTTP/1.1" 404 5292
"GET /collections/omori/product/omori-hoodie/ HTTP/1.1" 200 18405
"GET /cart/view_cart/ HTTP/1.1" 302 0
Not Found: /accounts/login/
"GET /accounts/login/?next=/cart/view_cart/ HTTP/1.1" 404 5292
"GET /account/login/ HTTP/1.1" 200 14843
"GET /cart/view_cart/ HTTP/1.1" 302 0
Not Found: /accounts/login/
"GET /accounts/login/?next=/cart/view_cart/ HTTP/1.1" 404 5292
"GET /cart/view_cart/ HTTP/1.1" 302 0
Not Found: /accounts/login/
"GET /accounts/login/?next=/cart/view_cart/ HTTP/1.1" 404 5292
"GET /cart/add-to-cart/1/?csrfmiddlewaretoken=VSd6Enl8bGeCwBV70zcGVsXLzRYbwBd8RXss1fHRSb0wdaQyvvAQVxTbmMasU1iD&properties%5BProduct+Type%5D=normal&quantity=1&add= HTTP/1.1" 302 0
Not Found: /accounts/login/
"GET /accounts/login/?next=/cart/add-to-cart/1/%3Fcsrfmiddlewaretoken%3DVSd6Enl8bGeCwBV70zcGVsXLzRYbwBd8RXss1fHRSb0wdaQyvvAQVxTbmMasU1iD%26properties%255BProduct%2BType%255D%3Dnormal%26quantity%3D1%26add%3D HTTP/1.1" 404 5455
"GET /cart/view_cart/ HTTP/1.1" 302 0
Not Found: /accounts/login/
"GET /accounts/login/?next=/cart/view_cart/ HTTP/1.1" 404 5292
Watching for file changes with StatReloader
"GET /collections/omori/product/omori-hoodie/ HTTP/1.1" 200 18425
"GET /cart/view_cart/ HTTP/1.1" 302 0
Not Found: /accounts/login/
"GET /accounts/login/?next=/cart/view_cart/ HTTP/1.1" 404 5292
"GET /account/login/ HTTP/1.1" 200 14843
"GET /cart/view_cart/ HTTP/1.1" 302 0
Not Found: /accounts/login/
"GET /accounts/login/?next=/cart/view_cart/ HTTP/1.1" 404 5292
"GET /cart/view_cart/ HTTP/1.1" 302 0
Not Found: /accounts/login/
"GET /accounts/login/?next=/cart/view_cart/ HTTP/1.1" 404 5292
"GET /collections/omori/product/omori-hoodie/ HTTP/1.1" 200 18439
"GET /cart/view_cart/ HTTP/1.1" 302 0
Not Found: /accounts/login/
"GET /accounts/login/?next=/cart/view_cart/ HTTP/1.1" 404 5292
"GET /collections/omori/product/omori-hoodie/ HTTP/1.1" 200 18446
"GET /cart/view_cart/ HTTP/1.1" 302 0
Not Found: /accounts/login/
"GET /accounts/login/?next=/cart/view_cart/ HTTP/1.1" 404 5292
"GET /collections/omori/product/omori-hoodie/ HTTP/1.1" 200 18478
"GET /cart/view_cart/ HTTP/1.1" 302 0
Not Found: /accounts/login/
"GET /accounts/login/?next=/cart/view_cart/ HTTP/1.1" 404 5292
"GET /account/login/ HTTP/1.1" 200 14843
"GET /cart/view_cart/ HTTP/1.1" 302 0
Not Found: /accounts/login/
"GET /accounts/login/?next=/cart/view_cart/ HTTP/1.1" 404 5292
"GET /cart/view_cart/ HTTP/1.1" 302 0
Not Found: /accounts/login/
"GET /accounts/login/?next=/cart/view_cart/ HTTP/1.1" 404 5292
"GET /collections/omori/product/omori-hoodie/ HTTP/1.1" 200 18501
"GET /cart/view_cart/ HTTP/1.1" 302 0
Not Found: /accounts/login/
"GET /accounts/login/?next=/cart/view_cart/ HTTP/1.1" 404 5292
Watching for file changes with StatReloader
"GET /collections/omori/product/omori-hoodie/ HTTP/1.1" 200 18476
"GET /static/css/footer.css HTTP/1.1" 304 0
"GET /static/css/collections_list.css HTTP/1.1" 304 0
"GET /static/js/header.js HTTP/1.1" 304 0
"GET /static/css/logged_out.css HTTP/1.1" 304 0
"GET /static/font-awesome/css/font-awesome.min.css HTTP/1.1" 304 0
"GET /static/js/jquery.js HTTP/1.1" 304 0
"GET /static/css/collection_list.css HTTP/1.1" 304 0
"GET /static/css/product.css HTTP/1.1" 200 3339
"GET /static/css/mainPage.css HTTP/1.1" 200 12010
"GET /static/js/product.js HTTP/1.1" 304 0
"GET /media/photos/22-06-13/omori_hoodie.jpg HTTP/1.1" 304 0
"GET /static/img/logo.jpg HTTP/1.1" 304 0
"GET /static/js/ajax_search.js HTTP/1.1" 304 0
"GET /static/js/ajax_cart.js HTTP/1.1" 304 0
"GET /static/img/search-button.svg HTTP/1.1" 304 0
"GET /static/img/search.svg HTTP/1.1" 304 0
"GET /static/img/user.svg HTTP/1.1" 304 0
"GET /static/img/shopping-cart.svg HTTP/1.1" 304 0
"GET /static/img/cancel.svg HTTP/1.1" 304 0
"GET /static/font-awesome/fonts/fontawesome-webfont.woff2?v=4.7.0 HTTP/1.1" 304 0
"GET /cart/view_cart/ HTTP/1.1" 302 0
Not Found: /accounts/login/
"GET /accounts/login/?next=/cart/view_cart/ HTTP/1.1" 404 5292
"GET / HTTP/1.1" 200 14831
"GET /static/css/slider.css HTTP/1.1" 304 0
"GET /static/img/img-slider/omori_banner1_71c5059d-da1e-4e64-b7e2-bf14d1545962_2048x.webp HTTP/1.1" 304 0
"GET /static/js/slider.js HTTP/1.1" 304 0
"GET /static/img/img-slider/omori_preorder_banner_2048x.webp HTTP/1.1" 304 0
"GET /static/img/img-slider/plush_preorder_banner_2048x.webp HTTP/1.1" 304 0
"GET /cart/view_cart/ HTTP/1.1" 302 0
Not Found: /accounts/login/
"GET /accounts/login/?next=/cart/view_cart/ HTTP/1.1" 404 5292
"GET /collections/ HTTP/1.1" 200 15770
"GET /cart/view_cart/ HTTP/1.1" 302 0
Not Found: /accounts/login/
"GET /accounts/login/?next=/cart/view_cart/ HTTP/1.1" 404 5292
"GET /collections/omori/ HTTP/1.1" 200 15367
"GET /media/photos/22-06-13/omori_plushie.png HTTP/1.1" 304 0
"GET /cart/view_cart/ HTTP/1.1" 302 0
Not Found: /accounts/login/
"GET /accounts/login/?next=/cart/view_cart/ HTTP/1.1" 404 5292
"GET /collections/omori/product/omori-hoodie/ HTTP/1.1" 200 18476
"GET /cart/view_cart/ HTTP/1.1" 302 0
Not Found: /accounts/login/
"GET /accounts/login/?next=/cart/view_cart/ HTTP/1.1" 404 5292
"GET /static/img/user-hover.svg HTTP/1.1" 304 0
"GET /account/login/ HTTP/1.1" 200 14843
"GET /static/css/login.css HTTP/1.1" 304 0
"GET /cart/view_cart/ HTTP/1.1" 302 0
Not Found: /accounts/login/
"GET /accounts/login/?next=/cart/view_cart/ HTTP/1.1" 404 5292
"POST /account/login/ HTTP/1.1" 302 0
"GET / HTTP/1.1" 200 15135
"GET /cart/view_cart/ HTTP/1.1" 200 225
"GET /account/profile/ HTTP/1.1" 200 14873
"GET /static/css/profile.css HTTP/1.1" 304 0
"GET /cart/view_cart/ HTTP/1.1" 200 225
C:\Users\yauro\UWUDEAD_Shop\cart\urls.py changed, reloading.
Watching for file changes with StatReloader
C:\Users\yauro\UWUDEAD_Shop\cart\views.py changed, reloading.
Watching for file changes with StatReloader
C:\Users\yauro\UWUDEAD_Shop\cart\views.py changed, reloading.
Watching for file changes with StatReloader
C:\Users\yauro\UWUDEAD_Shop\OMODED_Shop\settings.py changed, reloading.
Watching for file changes with StatReloader
"GET /account/profile/ HTTP/1.1" 200 14873
"GET /static/css/mainPage.css HTTP/1.1" 304 0
"GET /static/css/profile.css HTTP/1.1" 304 0
"GET /static/img/favicon.ico HTTP/1.1" 304 0
"GET /cart/view_cart/ HTTP/1.1" 200 14233
"GET / HTTP/1.1" 200 15135
"GET /cart/view_cart/ HTTP/1.1" 200 14233
Internal Server Error: /collections/
Traceback (most recent call last):
  File "C:\Users\yauro\UWUDEAD_Shop\venv\lib\site-packages\django\template\base.py", line 875, in _resolve_lookup
    current = current[bit]
TypeError: 'ImageFieldFile' object is not subscriptable

During handling of the above exception, another exception occurred:

Traceback (most recent call last):
  File "C:\Users\yauro\UWUDEAD_Shop\venv\lib\site-packages\django\core\handlers\exception.py", line 55, in inner
    response = get_response(request)
  File "C:\Users\yauro\UWUDEAD_Shop\venv\lib\site-packages\django\core\handlers\base.py", line 220, in _get_response
    response = response.render()
  File "C:\Users\yauro\UWUDEAD_Shop\venv\lib\site-packages\django\template\response.py", line 114, in render
    self.content = self.rendered_content
  File "C:\Users\yauro\UWUDEAD_Shop\venv\lib\site-packages\django\template\response.py", line 92, in rendered_content
    return template.render(context, self._request)
  File "C:\Users\yauro\UWUDEAD_Shop\venv\lib\site-packages\django\template\backends\django.py", line 62, in render
    return self.template.render(context)
  File "C:\Users\yauro\UWUDEAD_Shop\venv\lib\site-packages\django\template\base.py", line 175, in render
    return self._render(context)
  File "C:\Users\yauro\UWUDEAD_Shop\venv\lib\site-packages\django\template\base.py", line 167, in _render
    return self.nodelist.render(context)
  File "C:\Users\yauro\UWUDEAD_Shop\venv\lib\site-packages\django\template\base.py", line 1000, in render
    return SafeString("".join([node.render_annotated(context) for node in self]))
  File "C:\Users\yauro\UWUDEAD_Shop\venv\lib\site-packages\django\template\base.py", line 1000, in <listcomp>
    return SafeString("".join([node.render_annotated(context) for node in self]))
  File "C:\Users\yauro\UWUDEAD_Shop\venv\lib\site-packages\django\template\base.py", line 958, in render_annotated
    return self.render(context)
  File "C:\Users\yauro\UWUDEAD_Shop\venv\lib\site-packages\django\template\loader_tags.py", line 157, in render
    return compiled_parent._render(context)
  File "C:\Users\yauro\UWUDEAD_Shop\venv\lib\site-packages\django\template\base.py", line 167, in _render
    return self.nodelist.render(context)
  File "C:\Users\yauro\UWUDEAD_Shop\venv\lib\site-packages\django\template\base.py", line 1000, in render
    return SafeString("".join([node.render_annotated(context) for node in self]))
  File "C:\Users\yauro\UWUDEAD_Shop\venv\lib\site-packages\django\template\base.py", line 1000, in <listcomp>
    return SafeString("".join([node.render_annotated(context) for node in self]))
  File "C:\Users\yauro\UWUDEAD_Shop\venv\lib\site-packages\django\template\base.py", line 958, in render_annotated
    return self.render(context)
  File "C:\Users\yauro\UWUDEAD_Shop\venv\lib\site-packages\django\template\loader_tags.py", line 63, in render
    result = block.nodelist.render(context)
  File "C:\Users\yauro\UWUDEAD_Shop\venv\lib\site-packages\django\template\base.py", line 1000, in render
    return SafeString("".join([node.render_annotated(context) for node in self]))
  File "C:\Users\yauro\UWUDEAD_Shop\venv\lib\site-packages\django\template\base.py", line 1000, in <listcomp>
    return SafeString("".join([node.render_annotated(context) for node in self]))
  File "C:\Users\yauro\UWUDEAD_Shop\venv\lib\site-packages\django\template\base.py", line 958, in render_annotated
    return self.render(context)
  File "C:\Users\yauro\UWUDEAD_Shop\venv\lib\site-packages\django\template\defaulttags.py", line 238, in render
    nodelist.append(node.render_annotated(context))
  File "C:\Users\yauro\UWUDEAD_Shop\venv\lib\site-packages\django\template\base.py", line 958, in render_annotated
    return self.render(context)
  File "C:\Users\yauro\UWUDEAD_Shop\venv\lib\site-packages\django\template\base.py", line 1059, in render
    output = self.filter_expression.resolve(context)
  File "C:\Users\yauro\UWUDEAD_Shop\venv\lib\site-packages\django\template\base.py", line 712, in resolve
    obj = self.var.resolve(context)
  File "C:\Users\yauro\UWUDEAD_Shop\venv\lib\site-packages\django\template\base.py", line 842, in resolve
    value = self._resolve_lookup(context)
  File "C:\Users\yauro\UWUDEAD_Shop\venv\lib\site-packages\django\template\base.py", line 885, in _resolve_lookup
    current = getattr(current, bit)
  File "C:\Users\yauro\UWUDEAD_Shop\venv\lib\site-packages\django\db\models\fields\files.py", line 65, in url
    self._require_file()
  File "C:\Users\yauro\UWUDEAD_Shop\venv\lib\site-packages\django\db\models\fields\files.py", line 40, in _require_file
    raise ValueError(
ValueError: The 'photo' attribute has no file associated with it.
"GET /collections/ HTTP/1.1" 500 191314
Not Found: /favicon.ico
"GET /favicon.ico HTTP/1.1" 404 5258
"GET /admin/ HTTP/1.1" 302 0
"GET /admin/login/?next=/admin/ HTTP/1.1" 200 2625
"GET /static/admin/css/base.css HTTP/1.1" 304 0
"GET /static/admin/css/nav_sidebar.css HTTP/1.1" 304 0
"GET /static/admin/css/login.css HTTP/1.1" 304 0
"GET /static/admin/js/nav_sidebar.js HTTP/1.1" 304 0
"GET /static/admin/css/responsive.css HTTP/1.1" 304 0
"GET /admin/ HTTP/1.1" 302 0
"GET /admin/login/?next=/admin/ HTTP/1.1" 200 2625
"GET /static/admin/css/fonts.css HTTP/1.1" 304 0
"GET /static/admin/fonts/Roboto-Regular-webfont.woff HTTP/1.1" 304 0
"GET /static/admin/fonts/Roboto-Bold-webfont.woff HTTP/1.1" 304 0
"GET /static/admin/fonts/Roboto-Light-webfont.woff HTTP/1.1" 304 0
"GET / HTTP/1.1" 200 15135
"GET /cart/view_cart/ HTTP/1.1" 200 14233
"GET /account/profile/ HTTP/1.1" 200 14873
"GET /cart/view_cart/ HTTP/1.1" 200 14233
"GET /account/profile/ HTTP/1.1" 200 14873
"GET /cart/view_cart/ HTTP/1.1" 200 14233
"GET /account/logout/ HTTP/1.1" 200 14177
"GET /cart/view_cart/ HTTP/1.1" 302 0
Not Found: /accounts/login/
"GET /accounts/login/?next=/cart/view_cart/ HTTP/1.1" 404 5292
"GET / HTTP/1.1" 200 14831
"GET /cart/view_cart/ HTTP/1.1" 302 0
Not Found: /accounts/login/
"GET /accounts/login/?next=/cart/view_cart/ HTTP/1.1" 404 5292
"GET /admin/ HTTP/1.1" 302 0
"GET /admin/login/?next=/admin/ HTTP/1.1" 200 2302
"POST /admin/login/?next=/admin/ HTTP/1.1" 302 0
"GET /admin/ HTTP/1.1" 200 10684
"GET /static/admin/css/dashboard.css HTTP/1.1" 304 0
"GET /static/admin/img/icon-changelink.svg HTTP/1.1" 304 0
"GET /static/admin/img/icon-addlink.svg HTTP/1.1" 304 0
"GET /admin/shop/collections/ HTTP/1.1" 200 11595
"GET /static/admin/css/changelists.css HTTP/1.1" 304 0
"GET /static/admin/js/jquery.init.js HTTP/1.1" 200 347
"GET /static/admin/js/prepopulate.js HTTP/1.1" 200 1531
"GET /static/admin/js/core.js HTTP/1.1" 200 5698
"GET /static/admin/js/urlify.js HTTP/1.1" 200 7902
"GET /static/admin/js/admin/RelatedObjectLookups.js HTTP/1.1" 200 5984
"GET /static/admin/js/actions.js HTTP/1.1" 200 7872
"GET /admin/jsi18n/ HTTP/1.1" 200 15618
"GET /static/admin/js/vendor/xregexp/xregexp.js HTTP/1.1" 200 232381
"GET /static/admin/js/vendor/jquery/jquery.js HTTP/1.1" 200 288580
"GET /static/admin/img/search.svg HTTP/1.1" 200 458
"GET /static/admin/img/tooltag-add.svg HTTP/1.1" 304 0
"GET /static/admin/img/sorting-icons.svg HTTP/1.1" 304 0
"GET /admin/shop/collections/1/change/ HTTP/1.1" 200 10310
"GET /static/admin/js/prepopulate_init.js HTTP/1.1" 304 0
"GET /static/admin/css/forms.css HTTP/1.1" 304 0
"GET /admin/jsi18n/ HTTP/1.1" 200 15618
"GET /static/admin/js/change_form.js HTTP/1.1" 304 0
"GET /static/admin/css/widgets.css HTTP/1.1" 304 0
"GET /static/admin/img/tooltag-arrowright.svg HTTP/1.1" 200 280
"GET /admin/shop/collections/1/delete/ HTTP/1.1" 200 8276
"GET /static/admin/js/cancel.js HTTP/1.1" 200 884
"POST /admin/shop/collections/1/delete/ HTTP/1.1" 302 0
"GET /admin/shop/collections/ HTTP/1.1" 200 11422
"GET /admin/jsi18n/ HTTP/1.1" 200 15618
"GET /static/admin/img/icon-yes.svg HTTP/1.1" 304 0
"GET /admin/shop/collections/2/change/ HTTP/1.1" 200 10340
"GET /admin/jsi18n/ HTTP/1.1" 200 15618
"GET /admin/shop/collections/2/delete/ HTTP/1.1" 200 8294
"POST /admin/shop/collections/2/delete/ HTTP/1.1" 302 0
"GET /admin/shop/collections/ HTTP/1.1" 200 11059
"GET /admin/jsi18n/ HTTP/1.1" 200 15618
"GET /admin/shop/collections/3/change/ HTTP/1.1" 200 10320
"GET /admin/jsi18n/ HTTP/1.1" 200 15618
"GET /admin/shop/collections/3/delete/ HTTP/1.1" 200 8282
"POST /admin/shop/collections/3/delete/ HTTP/1.1" 302 0
"GET /admin/shop/collections/ HTTP/1.1" 200 10702
"GET /admin/jsi18n/ HTTP/1.1" 200 15618
"GET /admin/shop/collections/4/change/ HTTP/1.1" 200 10325
"GET /admin/jsi18n/ HTTP/1.1" 200 15618
"GET /admin/shop/collections/4/delete/ HTTP/1.1" 200 8285
"POST /admin/shop/collections/4/delete/ HTTP/1.1" 302 0
"GET /admin/shop/collections/ HTTP/1.1" 200 8788
"GET /admin/jsi18n/ HTTP/1.1" 200 15618
"GET /admin/shop/goods/ HTTP/1.1" 200 12644
"GET /admin/jsi18n/ HTTP/1.1" 200 15618
"GET /static/admin/img/icon-no.svg HTTP/1.1" 304 0
"GET /admin/shop/goods/1/change/ HTTP/1.1" 200 15953
"GET /admin/jsi18n/ HTTP/1.1" 200 15618
"GET /static/admin/js/SelectFilter2.js HTTP/1.1" 304 0
"GET /static/admin/js/SelectBox.js HTTP/1.1" 304 0
"GET /static/admin/img/selector-icons.svg HTTP/1.1" 304 0
"GET /static/admin/img/icon-unknown-alt.svg HTTP/1.1" 304 0
"GET /static/admin/img/icon-unknown.svg HTTP/1.1" 304 0
"GET /admin/shop/goods/1/delete/ HTTP/1.1" 200 8042
"POST /admin/shop/goods/1/delete/ HTTP/1.1" 302 0
"GET /admin/shop/goods/ HTTP/1.1" 200 12283
"GET /admin/jsi18n/ HTTP/1.1" 200 15618
"GET /admin/shop/goods/2/change/ HTTP/1.1" 200 15952
"GET /admin/jsi18n/ HTTP/1.1" 200 15618
"GET /admin/shop/goods/2/delete/ HTTP/1.1" 200 8045
"POST /admin/shop/goods/2/delete/ HTTP/1.1" 302 0
"GET /admin/shop/goods/ HTTP/1.1" 200 11751
"GET /admin/jsi18n/ HTTP/1.1" 200 15618
"GET /admin/shop/goods/3/change/ HTTP/1.1" 200 15995
"GET /admin/jsi18n/ HTTP/1.1" 200 15618
"GET /admin/shop/goods/3/delete/ HTTP/1.1" 200 8060
"POST /admin/shop/goods/3/delete/ HTTP/1.1" 302 0
"GET /admin/shop/goods/ HTTP/1.1" 200 11210
"GET /admin/jsi18n/ HTTP/1.1" 200 15618
"GET /admin/shop/goods/4/change/ HTTP/1.1" 200 15994
"GET /admin/jsi18n/ HTTP/1.1" 200 15618
"GET /admin/shop/goods/4/delete/ HTTP/1.1" 200 8063
"POST /admin/shop/goods/4/delete/ HTTP/1.1" 302 0
"GET /admin/shop/goods/ HTTP/1.1" 200 8469
"GET /admin/jsi18n/ HTTP/1.1" 200 15618
"GET /admin/shop/collections/ HTTP/1.1" 200 8613
"GET /admin/jsi18n/ HTTP/1.1" 200 15618
"GET /admin/shop/collections/add/ HTTP/1.1" 200 9975
"GET /admin/jsi18n/ HTTP/1.1" 200 15618
"POST /admin/shop/collections/add/ HTTP/1.1" 302 0
"GET /admin/shop/collections/ HTTP/1.1" 200 10736
"GET /admin/jsi18n/ HTTP/1.1" 200 15618
"GET /admin/shop/collections/5/change/ HTTP/1.1" 200 10310
"GET /admin/jsi18n/ HTTP/1.1" 200 15618
"POST /admin/shop/collections/5/change/ HTTP/1.1" 302 0
"GET /admin/shop/collections/ HTTP/1.1" 200 10738
"GET /admin/jsi18n/ HTTP/1.1" 200 15618
"GET /admin/shop/collections/add/ HTTP/1.1" 200 9975
"GET /admin/jsi18n/ HTTP/1.1" 200 15618
"POST /admin/shop/collections/add/ HTTP/1.1" 302 0
"GET /admin/shop/collections/ HTTP/1.1" 200 11111
"GET /admin/jsi18n/ HTTP/1.1" 200 15618
"GET /admin/shop/collections/add/ HTTP/1.1" 200 9975
"GET /admin/jsi18n/ HTTP/1.1" 200 15618
"POST /admin/shop/collections/add/ HTTP/1.1" 302 0
"GET /admin/shop/collections/ HTTP/1.1" 200 11475
"GET /admin/jsi18n/ HTTP/1.1" 200 15618
"GET /admin/shop/collections/add/ HTTP/1.1" 200 9975
"GET /admin/jsi18n/ HTTP/1.1" 200 15618
"POST /admin/shop/collections/add/ HTTP/1.1" 302 0
"GET /admin/shop/collections/ HTTP/1.1" 200 11915
"GET /admin/jsi18n/ HTTP/1.1" 200 15618
"GET /admin/shop/collections/add/ HTTP/1.1" 200 9975
"GET /admin/jsi18n/ HTTP/1.1" 200 15618
"POST /admin/shop/collections/add/ HTTP/1.1" 302 0
"GET /admin/shop/collections/ HTTP/1.1" 200 12275
"GET /admin/jsi18n/ HTTP/1.1" 200 15618
"GET /admin/shop/collections/add/ HTTP/1.1" 200 9975
"GET /admin/jsi18n/ HTTP/1.1" 200 15618
"POST /admin/shop/collections/add/ HTTP/1.1" 302 0
"GET /admin/shop/collections/ HTTP/1.1" 200 12633
"GET /admin/jsi18n/ HTTP/1.1" 200 15618
"GET /admin/shop/collections/add/ HTTP/1.1" 200 9975
"GET /admin/jsi18n/ HTTP/1.1" 200 15618
"POST /admin/shop/collections/add/ HTTP/1.1" 302 0
"GET /admin/shop/collections/ HTTP/1.1" 200 12989
"GET /admin/jsi18n/ HTTP/1.1" 200 15618
"GET /admin/shop/collections/add/ HTTP/1.1" 200 9975
"GET /admin/jsi18n/ HTTP/1.1" 200 15618
"POST /admin/shop/collections/add/ HTTP/1.1" 302 0
"GET /admin/shop/collections/ HTTP/1.1" 200 13341
"GET /admin/jsi18n/ HTTP/1.1" 200 15618
"GET /admin/shop/collections/add/ HTTP/1.1" 200 9975
"GET /admin/jsi18n/ HTTP/1.1" 200 15618
"POST /admin/shop/collections/add/ HTTP/1.1" 302 0
"GET /admin/shop/collections/ HTTP/1.1" 200 13704
"GET /admin/jsi18n/ HTTP/1.1" 200 15618
"GET /admin/shop/collections/add/ HTTP/1.1" 200 9975
"GET /admin/jsi18n/ HTTP/1.1" 200 15618
"POST /admin/shop/collections/add/ HTTP/1.1" 302 0
"GET /admin/shop/collections/ HTTP/1.1" 200 14063
"GET /admin/jsi18n/ HTTP/1.1" 200 15618
"GET /admin/shop/collections/add/ HTTP/1.1" 200 9975
"GET /admin/jsi18n/ HTTP/1.1" 200 15618
"POST /admin/shop/collections/add/ HTTP/1.1" 302 0
"GET /admin/shop/collections/ HTTP/1.1" 200 14440
"GET /admin/jsi18n/ HTTP/1.1" 200 15618
"GET /admin/shop/collections/add/ HTTP/1.1" 200 9975
"GET /admin/jsi18n/ HTTP/1.1" 200 15618
"POST /admin/shop/collections/add/ HTTP/1.1" 302 0
"GET /admin/shop/collections/ HTTP/1.1" 200 14778
"GET /admin/jsi18n/ HTTP/1.1" 200 15618
"GET /admin/shop/collections/add/ HTTP/1.1" 200 9975
"GET /admin/jsi18n/ HTTP/1.1" 200 15618
"POST /admin/shop/collections/add/ HTTP/1.1" 302 0
"GET /admin/shop/collections/ HTTP/1.1" 200 15123
"GET /admin/jsi18n/ HTTP/1.1" 200 15618
"GET /admin/shop/collections/add/ HTTP/1.1" 200 9975
"GET /admin/jsi18n/ HTTP/1.1" 200 15618
"POST /admin/shop/collections/add/ HTTP/1.1" 302 0
"GET /admin/shop/collections/ HTTP/1.1" 200 15488
"GET /admin/jsi18n/ HTTP/1.1" 200 15618
"GET /admin/shop/collections/add/ HTTP/1.1" 200 9975
"GET /admin/jsi18n/ HTTP/1.1" 200 15618
"POST /admin/shop/collections/add/ HTTP/1.1" 302 0
"GET /admin/shop/collections/ HTTP/1.1" 200 15864
"GET /admin/jsi18n/ HTTP/1.1" 200 15618
"GET /admin/shop/collections/add/ HTTP/1.1" 200 9975
"GET /admin/jsi18n/ HTTP/1.1" 200 15618
"GET /admin/shop/collections/ HTTP/1.1" 200 15637
"GET /admin/jsi18n/ HTTP/1.1" 200 15618
"GET /admin/shop/collections/14/change/ HTTP/1.1" 200 10640
"GET /admin/jsi18n/ HTTP/1.1" 200 15618
"POST /admin/shop/collections/14/change/ HTTP/1.1" 302 0
"GET /admin/shop/collections/ HTTP/1.1" 200 15930
"GET /admin/jsi18n/ HTTP/1.1" 200 15618
"GET /admin/shop/collections/add/ HTTP/1.1" 200 9975
"GET /admin/jsi18n/ HTTP/1.1" 200 15618
"POST /admin/shop/collections/add/ HTTP/1.1" 302 0
"GET /admin/shop/collections/ HTTP/1.1" 200 16261
"GET /admin/jsi18n/ HTTP/1.1" 200 15618
"GET /admin/shop/collections/20/change/ HTTP/1.1" 200 10626
"GET /admin/jsi18n/ HTTP/1.1" 200 15618
"POST /admin/shop/collections/20/change/ HTTP/1.1" 302 0
"GET /admin/shop/collections/ HTTP/1.1" 200 16320
"GET /admin/jsi18n/ HTTP/1.1" 200 15618
"GET /admin/shop/collections/20/change/ HTTP/1.1" 200 10670
"GET /admin/jsi18n/ HTTP/1.1" 200 15618
"POST /admin/shop/collections/20/change/ HTTP/1.1" 302 0
"GET /admin/shop/collections/ HTTP/1.1" 200 16336
"GET /admin/jsi18n/ HTTP/1.1" 200 15618
"GET /admin/shop/collections/add/ HTTP/1.1" 200 9975
"GET /admin/jsi18n/ HTTP/1.1" 200 15618
"POST /admin/shop/collections/add/ HTTP/1.1" 302 0
"GET /admin/shop/collections/ HTTP/1.1" 200 16741
"GET /admin/jsi18n/ HTTP/1.1" 200 15618
"GET /admin/shop/collections/18/change/ HTTP/1.1" 200 10647
"GET /admin/jsi18n/ HTTP/1.1" 200 15618
"POST /admin/shop/collections/18/change/ HTTP/1.1" 302 0
"GET /admin/shop/collections/ HTTP/1.1" 200 16731
"GET /admin/jsi18n/ HTTP/1.1" 200 15618
"GET /admin/shop/collections/add/ HTTP/1.1" 200 9975
"GET /admin/jsi18n/ HTTP/1.1" 200 15618
"POST /admin/shop/collections/add/ HTTP/1.1" 302 0
"GET /admin/shop/collections/ HTTP/1.1" 200 17090
"GET /admin/jsi18n/ HTTP/1.1" 200 15618
"GET /admin/shop/collections/add/ HTTP/1.1" 200 9975
"GET /admin/jsi18n/ HTTP/1.1" 200 15618
"POST /admin/shop/collections/add/ HTTP/1.1" 302 0
"GET /admin/shop/collections/ HTTP/1.1" 200 17481
"GET /admin/jsi18n/ HTTP/1.1" 200 15618
Internal Server Error: /
Traceback (most recent call last):
  File "C:\Users\yauro\UWUDEAD_Shop\venv\lib\site-packages\django\core\handlers\exception.py", line 55, in inner
    response = get_response(request)
  File "C:\Users\yauro\UWUDEAD_Shop\venv\lib\site-packages\django\core\handlers\base.py", line 197, in _get_response
    response = wrapped_callback(request, *callback_args, **callback_kwargs)
  File "C:\Users\yauro\UWUDEAD_Shop\shop\views.py", line 13, in index
    return render(request, template_name='shop/mainPage.html')
  File "C:\Users\yauro\UWUDEAD_Shop\venv\lib\site-packages\django\shortcuts.py", line 24, in render
    content = loader.render_to_string(template_name, context, request, using=using)
  File "C:\Users\yauro\UWUDEAD_Shop\venv\lib\site-packages\django\template\loader.py", line 62, in render_to_string
    return template.render(context, request)
  File "C:\Users\yauro\UWUDEAD_Shop\venv\lib\site-packages\django\template\backends\django.py", line 62, in render
    return self.template.render(context)
  File "C:\Users\yauro\UWUDEAD_Shop\venv\lib\site-packages\django\template\base.py", line 175, in render
    return self._render(context)
  File "C:\Users\yauro\UWUDEAD_Shop\venv\lib\site-packages\django\template\base.py", line 167, in _render
    return self.nodelist.render(context)
  File "C:\Users\yauro\UWUDEAD_Shop\venv\lib\site-packages\django\template\base.py", line 1000, in render
    return SafeString("".join([node.render_annotated(context) for node in self]))
  File "C:\Users\yauro\UWUDEAD_Shop\venv\lib\site-packages\django\template\base.py", line 1000, in <listcomp>
    return SafeString("".join([node.render_annotated(context) for node in self]))
  File "C:\Users\yauro\UWUDEAD_Shop\venv\lib\site-packages\django\template\base.py", line 958, in render_annotated
    return self.render(context)
  File "C:\Users\yauro\UWUDEAD_Shop\venv\lib\site-packages\django\template\loader_tags.py", line 157, in render
    return compiled_parent._render(context)
  File "C:\Users\yauro\UWUDEAD_Shop\venv\lib\site-packages\django\template\base.py", line 167, in _render
    return self.nodelist.render(context)
  File "C:\Users\yauro\UWUDEAD_Shop\venv\lib\site-packages\django\template\base.py", line 1000, in render
    return SafeString("".join([node.render_annotated(context) for node in self]))
  File "C:\Users\yauro\UWUDEAD_Shop\venv\lib\site-packages\django\template\base.py", line 1000, in <listcomp>
    return SafeString("".join([node.render_annotated(context) for node in self]))
  File "C:\Users\yauro\UWUDEAD_Shop\venv\lib\site-packages\django\template\base.py", line 958, in render_annotated
    return self.render(context)
  File "C:\Users\yauro\UWUDEAD_Shop\venv\lib\site-packages\django\template\loader_tags.py", line 208, in render
    return template.render(context)
  File "C:\Users\yauro\UWUDEAD_Shop\venv\lib\site-packages\django\template\base.py", line 177, in render
    return self._render(context)
  File "C:\Users\yauro\UWUDEAD_Shop\venv\lib\site-packages\django\template\base.py", line 167, in _render
    return self.nodelist.render(context)
  File "C:\Users\yauro\UWUDEAD_Shop\venv\lib\site-packages\django\template\base.py", line 1000, in render
    return SafeString("".join([node.render_annotated(context) for node in self]))
  File "C:\Users\yauro\UWUDEAD_Shop\venv\lib\site-packages\django\template\base.py", line 1000, in <listcomp>
    return SafeString("".join([node.render_annotated(context) for node in self]))
  File "C:\Users\yauro\UWUDEAD_Shop\venv\lib\site-packages\django\template\base.py", line 958, in render_annotated
    return self.render(context)
  File "C:\Users\yauro\UWUDEAD_Shop\venv\lib\site-packages\django\template\defaulttags.py", line 322, in render
    return nodelist.render(context)
  File "C:\Users\yauro\UWUDEAD_Shop\venv\lib\site-packages\django\template\base.py", line 1000, in render
    return SafeString("".join([node.render_annotated(context) for node in self]))
  File "C:\Users\yauro\UWUDEAD_Shop\venv\lib\site-packages\django\template\base.py", line 1000, in <listcomp>
    return SafeString("".join([node.render_annotated(context) for node in self]))
  File "C:\Users\yauro\UWUDEAD_Shop\venv\lib\site-packages\django\template\base.py", line 958, in render_annotated
    return self.render(context)
  File "C:\Users\yauro\UWUDEAD_Shop\venv\lib\site-packages\django\template\defaulttags.py", line 238, in render
    nodelist.append(node.render_annotated(context))
  File "C:\Users\yauro\UWUDEAD_Shop\venv\lib\site-packages\django\template\base.py", line 958, in render_annotated
    return self.render(context)
  File "C:\Users\yauro\UWUDEAD_Shop\venv\lib\site-packages\django\template\defaulttags.py", line 238, in render
    nodelist.append(node.render_annotated(context))
  File "C:\Users\yauro\UWUDEAD_Shop\venv\lib\site-packages\django\template\base.py", line 958, in render_annotated
    return self.render(context)
  File "C:\Users\yauro\UWUDEAD_Shop\venv\lib\site-packages\django\template\base.py", line 1065, in render
    return render_value_in_context(output, context)
  File "C:\Users\yauro\UWUDEAD_Shop\venv\lib\site-packages\django\template\base.py", line 1042, in render_value_in_context
    value = str(value)
  File "C:\Users\yauro\UWUDEAD_Shop\cart\models.py", line 15, in __str__
    return self.product.name
AttributeError: 'NoneType' object has no attribute 'name'
"GET / HTTP/1.1" 500 202388
Internal Server Error: /
Traceback (most recent call last):
  File "C:\Users\yauro\UWUDEAD_Shop\venv\lib\site-packages\django\core\handlers\exception.py", line 55, in inner
    response = get_response(request)
  File "C:\Users\yauro\UWUDEAD_Shop\venv\lib\site-packages\django\core\handlers\base.py", line 197, in _get_response
    response = wrapped_callback(request, *callback_args, **callback_kwargs)
  File "C:\Users\yauro\UWUDEAD_Shop\shop\views.py", line 13, in index
    return render(request, template_name='shop/mainPage.html')
  File "C:\Users\yauro\UWUDEAD_Shop\venv\lib\site-packages\django\shortcuts.py", line 24, in render
    content = loader.render_to_string(template_name, context, request, using=using)
  File "C:\Users\yauro\UWUDEAD_Shop\venv\lib\site-packages\django\template\loader.py", line 62, in render_to_string
    return template.render(context, request)
  File "C:\Users\yauro\UWUDEAD_Shop\venv\lib\site-packages\django\template\backends\django.py", line 62, in render
    return self.template.render(context)
  File "C:\Users\yauro\UWUDEAD_Shop\venv\lib\site-packages\django\template\base.py", line 175, in render
    return self._render(context)
  File "C:\Users\yauro\UWUDEAD_Shop\venv\lib\site-packages\django\template\base.py", line 167, in _render
    return self.nodelist.render(context)
  File "C:\Users\yauro\UWUDEAD_Shop\venv\lib\site-packages\django\template\base.py", line 1000, in render
    return SafeString("".join([node.render_annotated(context) for node in self]))
  File "C:\Users\yauro\UWUDEAD_Shop\venv\lib\site-packages\django\template\base.py", line 1000, in <listcomp>
    return SafeString("".join([node.render_annotated(context) for node in self]))
  File "C:\Users\yauro\UWUDEAD_Shop\venv\lib\site-packages\django\template\base.py", line 958, in render_annotated
    return self.render(context)
  File "C:\Users\yauro\UWUDEAD_Shop\venv\lib\site-packages\django\template\loader_tags.py", line 157, in render
    return compiled_parent._render(context)
  File "C:\Users\yauro\UWUDEAD_Shop\venv\lib\site-packages\django\template\base.py", line 167, in _render
    return self.nodelist.render(context)
  File "C:\Users\yauro\UWUDEAD_Shop\venv\lib\site-packages\django\template\base.py", line 1000, in render
    return SafeString("".join([node.render_annotated(context) for node in self]))
  File "C:\Users\yauro\UWUDEAD_Shop\venv\lib\site-packages\django\template\base.py", line 1000, in <listcomp>
    return SafeString("".join([node.render_annotated(context) for node in self]))
  File "C:\Users\yauro\UWUDEAD_Shop\venv\lib\site-packages\django\template\base.py", line 958, in render_annotated
    return self.render(context)
  File "C:\Users\yauro\UWUDEAD_Shop\venv\lib\site-packages\django\template\loader_tags.py", line 208, in render
    return template.render(context)
  File "C:\Users\yauro\UWUDEAD_Shop\venv\lib\site-packages\django\template\base.py", line 177, in render
    return self._render(context)
  File "C:\Users\yauro\UWUDEAD_Shop\venv\lib\site-packages\django\template\base.py", line 167, in _render
    return self.nodelist.render(context)
  File "C:\Users\yauro\UWUDEAD_Shop\venv\lib\site-packages\django\template\base.py", line 1000, in render
    return SafeString("".join([node.render_annotated(context) for node in self]))
  File "C:\Users\yauro\UWUDEAD_Shop\venv\lib\site-packages\django\template\base.py", line 1000, in <listcomp>
    return SafeString("".join([node.render_annotated(context) for node in self]))
  File "C:\Users\yauro\UWUDEAD_Shop\venv\lib\site-packages\django\template\base.py", line 958, in render_annotated
    return self.render(context)
  File "C:\Users\yauro\UWUDEAD_Shop\venv\lib\site-packages\django\template\defaulttags.py", line 322, in render
    return nodelist.render(context)
  File "C:\Users\yauro\UWUDEAD_Shop\venv\lib\site-packages\django\template\base.py", line 1000, in render
    return SafeString("".join([node.render_annotated(context) for node in self]))
  File "C:\Users\yauro\UWUDEAD_Shop\venv\lib\site-packages\django\template\base.py", line 1000, in <listcomp>
    return SafeString("".join([node.render_annotated(context) for node in self]))
  File "C:\Users\yauro\UWUDEAD_Shop\venv\lib\site-packages\django\template\base.py", line 958, in render_annotated
    return self.render(context)
  File "C:\Users\yauro\UWUDEAD_Shop\venv\lib\site-packages\django\template\defaulttags.py", line 238, in render
    nodelist.append(node.render_annotated(context))
  File "C:\Users\yauro\UWUDEAD_Shop\venv\lib\site-packages\django\template\base.py", line 958, in render_annotated
    return self.render(context)
  File "C:\Users\yauro\UWUDEAD_Shop\venv\lib\site-packages\django\template\defaulttags.py", line 238, in render
    nodelist.append(node.render_annotated(context))
  File "C:\Users\yauro\UWUDEAD_Shop\venv\lib\site-packages\django\template\base.py", line 958, in render_annotated
    return self.render(context)
  File "C:\Users\yauro\UWUDEAD_Shop\venv\lib\site-packages\django\template\base.py", line 1065, in render
    return render_value_in_context(output, context)
  File "C:\Users\yauro\UWUDEAD_Shop\venv\lib\site-packages\django\template\base.py", line 1042, in render_value_in_context
    value = str(value)
  File "C:\Users\yauro\UWUDEAD_Shop\cart\models.py", line 15, in __str__
    return self.product.name
AttributeError: 'NoneType' object has no attribute 'name'
"GET / HTTP/1.1" 500 202388
"GET /admin/shop/goods/add/ HTTP/1.1" 200 16032
"GET /admin/jsi18n/ HTTP/1.1" 200 15618
"GET /admin/shop/goods/ HTTP/1.1" 200 10342
"GET /admin/jsi18n/ HTTP/1.1" 200 15618
"GET /admin/shop/goods/add/ HTTP/1.1" 200 16032
"GET /admin/jsi18n/ HTTP/1.1" 200 15618
"POST /admin/shop/goods/add/ HTTP/1.1" 302 0
"GET /admin/shop/goods/ HTTP/1.1" 200 13507
"GET /admin/jsi18n/ HTTP/1.1" 200 15618
Internal Server Error: /
Traceback (most recent call last):
  File "C:\Users\yauro\UWUDEAD_Shop\venv\lib\site-packages\django\core\handlers\exception.py", line 55, in inner
    response = get_response(request)
  File "C:\Users\yauro\UWUDEAD_Shop\venv\lib\site-packages\django\core\handlers\base.py", line 197, in _get_response
    response = wrapped_callback(request, *callback_args, **callback_kwargs)
  File "C:\Users\yauro\UWUDEAD_Shop\shop\views.py", line 13, in index
    return render(request, template_name='shop/mainPage.html')
  File "C:\Users\yauro\UWUDEAD_Shop\venv\lib\site-packages\django\shortcuts.py", line 24, in render
    content = loader.render_to_string(template_name, context, request, using=using)
  File "C:\Users\yauro\UWUDEAD_Shop\venv\lib\site-packages\django\template\loader.py", line 62, in render_to_string
    return template.render(context, request)
  File "C:\Users\yauro\UWUDEAD_Shop\venv\lib\site-packages\django\template\backends\django.py", line 62, in render
    return self.template.render(context)
  File "C:\Users\yauro\UWUDEAD_Shop\venv\lib\site-packages\django\template\base.py", line 175, in render
    return self._render(context)
  File "C:\Users\yauro\UWUDEAD_Shop\venv\lib\site-packages\django\template\base.py", line 167, in _render
    return self.nodelist.render(context)
  File "C:\Users\yauro\UWUDEAD_Shop\venv\lib\site-packages\django\template\base.py", line 1000, in render
    return SafeString("".join([node.render_annotated(context) for node in self]))
  File "C:\Users\yauro\UWUDEAD_Shop\venv\lib\site-packages\django\template\base.py", line 1000, in <listcomp>
    return SafeString("".join([node.render_annotated(context) for node in self]))
  File "C:\Users\yauro\UWUDEAD_Shop\venv\lib\site-packages\django\template\base.py", line 958, in render_annotated
    return self.render(context)
  File "C:\Users\yauro\UWUDEAD_Shop\venv\lib\site-packages\django\template\loader_tags.py", line 157, in render
    return compiled_parent._render(context)
  File "C:\Users\yauro\UWUDEAD_Shop\venv\lib\site-packages\django\template\base.py", line 167, in _render
    return self.nodelist.render(context)
  File "C:\Users\yauro\UWUDEAD_Shop\venv\lib\site-packages\django\template\base.py", line 1000, in render
    return SafeString("".join([node.render_annotated(context) for node in self]))
  File "C:\Users\yauro\UWUDEAD_Shop\venv\lib\site-packages\django\template\base.py", line 1000, in <listcomp>
    return SafeString("".join([node.render_annotated(context) for node in self]))
  File "C:\Users\yauro\UWUDEAD_Shop\venv\lib\site-packages\django\template\base.py", line 958, in render_annotated
    return self.render(context)
  File "C:\Users\yauro\UWUDEAD_Shop\venv\lib\site-packages\django\template\loader_tags.py", line 208, in render
    return template.render(context)
  File "C:\Users\yauro\UWUDEAD_Shop\venv\lib\site-packages\django\template\base.py", line 177, in render
    return self._render(context)
  File "C:\Users\yauro\UWUDEAD_Shop\venv\lib\site-packages\django\template\base.py", line 167, in _render
    return self.nodelist.render(context)
  File "C:\Users\yauro\UWUDEAD_Shop\venv\lib\site-packages\django\template\base.py", line 1000, in render
    return SafeString("".join([node.render_annotated(context) for node in self]))
  File "C:\Users\yauro\UWUDEAD_Shop\venv\lib\site-packages\django\template\base.py", line 1000, in <listcomp>
    return SafeString("".join([node.render_annotated(context) for node in self]))
  File "C:\Users\yauro\UWUDEAD_Shop\venv\lib\site-packages\django\template\base.py", line 958, in render_annotated
    return self.render(context)
  File "C:\Users\yauro\UWUDEAD_Shop\venv\lib\site-packages\django\template\defaulttags.py", line 322, in render
    return nodelist.render(context)
  File "C:\Users\yauro\UWUDEAD_Shop\venv\lib\site-packages\django\template\base.py", line 1000, in render
    return SafeString("".join([node.render_annotated(context) for node in self]))
  File "C:\Users\yauro\UWUDEAD_Shop\venv\lib\site-packages\django\template\base.py", line 1000, in <listcomp>
    return SafeString("".join([node.render_annotated(context) for node in self]))
  File "C:\Users\yauro\UWUDEAD_Shop\venv\lib\site-packages\django\template\base.py", line 958, in render_annotated
    return self.render(context)
  File "C:\Users\yauro\UWUDEAD_Shop\venv\lib\site-packages\django\template\defaulttags.py", line 238, in render
    nodelist.append(node.render_annotated(context))
  File "C:\Users\yauro\UWUDEAD_Shop\venv\lib\site-packages\django\template\base.py", line 958, in render_annotated
    return self.render(context)
  File "C:\Users\yauro\UWUDEAD_Shop\venv\lib\site-packages\django\template\defaulttags.py", line 238, in render
    nodelist.append(node.render_annotated(context))
  File "C:\Users\yauro\UWUDEAD_Shop\venv\lib\site-packages\django\template\base.py", line 958, in render_annotated
    return self.render(context)
  File "C:\Users\yauro\UWUDEAD_Shop\venv\lib\site-packages\django\template\base.py", line 1065, in render
    return render_value_in_context(output, context)
  File "C:\Users\yauro\UWUDEAD_Shop\venv\lib\site-packages\django\template\base.py", line 1042, in render_value_in_context
    value = str(value)
  File "C:\Users\yauro\UWUDEAD_Shop\cart\models.py", line 15, in __str__
    return self.product.name
AttributeError: 'NoneType' object has no attribute 'name'
"GET / HTTP/1.1" 500 202525
"GET /admin/accounts/profile/ HTTP/1.1" 200 10055
"GET /admin/jsi18n/ HTTP/1.1" 200 15618
Internal Server Error: /admin/cart/orderitem/
Traceback (most recent call last):
  File "C:\Users\yauro\UWUDEAD_Shop\venv\lib\site-packages\django\db\models\options.py", line 672, in get_field
    return self.fields_map[field_name]
KeyError: '__str__'

During handling of the above exception, another exception occurred:

Traceback (most recent call last):
  File "C:\Users\yauro\UWUDEAD_Shop\venv\lib\site-packages\django\contrib\admin\utils.py", line 271, in lookup_field
    f = _get_non_gfk_field(opts, name)
  File "C:\Users\yauro\UWUDEAD_Shop\venv\lib\site-packages\django\contrib\admin\utils.py", line 302, in _get_non_gfk_field
    field = opts.get_field(name)
  File "C:\Users\yauro\UWUDEAD_Shop\venv\lib\site-packages\django\db\models\options.py", line 674, in get_field
    raise FieldDoesNotExist(
django.core.exceptions.FieldDoesNotExist: OrderItem has no field named '__str__'

During handling of the above exception, another exception occurred:

Traceback (most recent call last):
  File "C:\Users\yauro\UWUDEAD_Shop\venv\lib\site-packages\django\core\handlers\exception.py", line 55, in inner
    response = get_response(request)
  File "C:\Users\yauro\UWUDEAD_Shop\venv\lib\site-packages\django\core\handlers\base.py", line 220, in _get_response
    response = response.render()
  File "C:\Users\yauro\UWUDEAD_Shop\venv\lib\site-packages\django\template\response.py", line 114, in render
    self.content = self.rendered_content
  File "C:\Users\yauro\UWUDEAD_Shop\venv\lib\site-packages\django\template\response.py", line 92, in rendered_content
    return template.render(context, self._request)
  File "C:\Users\yauro\UWUDEAD_Shop\venv\lib\site-packages\django\template\backends\django.py", line 62, in render
    return self.template.render(context)
  File "C:\Users\yauro\UWUDEAD_Shop\venv\lib\site-packages\django\template\base.py", line 175, in render
    return self._render(context)
  File "C:\Users\yauro\UWUDEAD_Shop\venv\lib\site-packages\django\template\base.py", line 167, in _render
    return self.nodelist.render(context)
  File "C:\Users\yauro\UWUDEAD_Shop\venv\lib\site-packages\django\template\base.py", line 1000, in render
    return SafeString("".join([node.render_annotated(context) for node in self]))
  File "C:\Users\yauro\UWUDEAD_Shop\venv\lib\site-packages\django\template\base.py", line 1000, in <listcomp>
    return SafeString("".join([node.render_annotated(context) for node in self]))
  File "C:\Users\yauro\UWUDEAD_Shop\venv\lib\site-packages\django\template\base.py", line 958, in render_annotated
    return self.render(context)
  File "C:\Users\yauro\UWUDEAD_Shop\venv\lib\site-packages\django\template\loader_tags.py", line 157, in render
    return compiled_parent._render(context)
  File "C:\Users\yauro\UWUDEAD_Shop\venv\lib\site-packages\django\template\base.py", line 167, in _render
    return self.nodelist.render(context)
  File "C:\Users\yauro\UWUDEAD_Shop\venv\lib\site-packages\django\template\base.py", line 1000, in render
    return SafeString("".join([node.render_annotated(context) for node in self]))
  File "C:\Users\yauro\UWUDEAD_Shop\venv\lib\site-packages\django\template\base.py", line 1000, in <listcomp>
    return SafeString("".join([node.render_annotated(context) for node in self]))
  File "C:\Users\yauro\UWUDEAD_Shop\venv\lib\site-packages\django\template\base.py", line 958, in render_annotated
    return self.render(context)
  File "C:\Users\yauro\UWUDEAD_Shop\venv\lib\site-packages\django\template\loader_tags.py", line 157, in render
    return compiled_parent._render(context)
  File "C:\Users\yauro\UWUDEAD_Shop\venv\lib\site-packages\django\template\base.py", line 167, in _render
    return self.nodelist.render(context)
  File "C:\Users\yauro\UWUDEAD_Shop\venv\lib\site-packages\django\template\base.py", line 1000, in render
    return SafeString("".join([node.render_annotated(context) for node in self]))
  File "C:\Users\yauro\UWUDEAD_Shop\venv\lib\site-packages\django\template\base.py", line 1000, in <listcomp>
    return SafeString("".join([node.render_annotated(context) for node in self]))
  File "C:\Users\yauro\UWUDEAD_Shop\venv\lib\site-packages\django\template\base.py", line 958, in render_annotated
    return self.render(context)
  File "C:\Users\yauro\UWUDEAD_Shop\venv\lib\site-packages\django\template\loader_tags.py", line 63, in render
    result = block.nodelist.render(context)
  File "C:\Users\yauro\UWUDEAD_Shop\venv\lib\site-packages\django\template\base.py", line 1000, in render
    return SafeString("".join([node.render_annotated(context) for node in self]))
  File "C:\Users\yauro\UWUDEAD_Shop\venv\lib\site-packages\django\template\base.py", line 1000, in <listcomp>
    return SafeString("".join([node.render_annotated(context) for node in self]))
  File "C:\Users\yauro\UWUDEAD_Shop\venv\lib\site-packages\django\template\base.py", line 958, in render_annotated
    return self.render(context)
  File "C:\Users\yauro\UWUDEAD_Shop\venv\lib\site-packages\django\template\loader_tags.py", line 63, in render
    result = block.nodelist.render(context)
  File "C:\Users\yauro\UWUDEAD_Shop\venv\lib\site-packages\django\template\base.py", line 1000, in render
    return SafeString("".join([node.render_annotated(context) for node in self]))
  File "C:\Users\yauro\UWUDEAD_Shop\venv\lib\site-packages\django\template\base.py", line 1000, in <listcomp>
    return SafeString("".join([node.render_annotated(context) for node in self]))
  File "C:\Users\yauro\UWUDEAD_Shop\venv\lib\site-packages\django\template\base.py", line 958, in render_annotated
    return self.render(context)
  File "C:\Users\yauro\UWUDEAD_Shop\venv\lib\site-packages\django\contrib\admin\templatetags\base.py", line 45, in render
    return super().render(context)
  File "C:\Users\yauro\UWUDEAD_Shop\venv\lib\site-packages\django\template\library.py", line 260, in render
    _dict = self.func(*resolved_args, **resolved_kwargs)
  File "C:\Users\yauro\UWUDEAD_Shop\venv\lib\site-packages\django\contrib\admin\templatetags\admin_list.py", line 336, in result_list
    "results": list(results(cl)),
  File "C:\Users\yauro\UWUDEAD_Shop\venv\lib\site-packages\django\contrib\admin\templatetags\admin_list.py", line 312, in results
    yield ResultList(None, items_for_result(cl, res, None))
  File "C:\Users\yauro\UWUDEAD_Shop\venv\lib\site-packages\django\contrib\admin\templatetags\admin_list.py", line 303, in __init__
    super().__init__(*items)
  File "C:\Users\yauro\UWUDEAD_Shop\venv\lib\site-packages\django\contrib\admin\templatetags\admin_list.py", line 213, in items_for_result
    f, attr, value = lookup_field(field_name, result, cl.model_admin)
  File "C:\Users\yauro\UWUDEAD_Shop\venv\lib\site-packages\django\contrib\admin\utils.py", line 284, in lookup_field
    value = attr()
  File "C:\Users\yauro\UWUDEAD_Shop\cart\models.py", line 15, in __str__
    return self.product.name
AttributeError: 'NoneType' object has no attribute 'name'
"GET /admin/cart/orderitem/ HTTP/1.1" 500 436517
"GET /admin/accounts/profile/ HTTP/1.1" 200 10055
"GET /admin/cart/order/ HTTP/1.1" 200 9414
"GET /admin/jsi18n/ HTTP/1.1" 200 15618
Internal Server Error: /admin/cart/order/2/change/
Traceback (most recent call last):
  File "C:\Users\yauro\UWUDEAD_Shop\venv\lib\site-packages\django\core\handlers\exception.py", line 55, in inner
    response = get_response(request)
  File "C:\Users\yauro\UWUDEAD_Shop\venv\lib\site-packages\django\core\handlers\base.py", line 220, in _get_response
    response = response.render()
  File "C:\Users\yauro\UWUDEAD_Shop\venv\lib\site-packages\django\template\response.py", line 114, in render
    self.content = self.rendered_content
  File "C:\Users\yauro\UWUDEAD_Shop\venv\lib\site-packages\django\template\response.py", line 92, in rendered_content
    return template.render(context, self._request)
  File "C:\Users\yauro\UWUDEAD_Shop\venv\lib\site-packages\django\template\backends\django.py", line 62, in render
    return self.template.render(context)
  File "C:\Users\yauro\UWUDEAD_Shop\venv\lib\site-packages\django\template\base.py", line 175, in render
    return self._render(context)
  File "C:\Users\yauro\UWUDEAD_Shop\venv\lib\site-packages\django\template\base.py", line 167, in _render
    return self.nodelist.render(context)
  File "C:\Users\yauro\UWUDEAD_Shop\venv\lib\site-packages\django\template\base.py", line 1000, in render
    return SafeString("".join([node.render_annotated(context) for node in self]))
  File "C:\Users\yauro\UWUDEAD_Shop\venv\lib\site-packages\django\template\base.py", line 1000, in <listcomp>
    return SafeString("".join([node.render_annotated(context) for node in self]))
  File "C:\Users\yauro\UWUDEAD_Shop\venv\lib\site-packages\django\template\base.py", line 958, in render_annotated
    return self.render(context)
  File "C:\Users\yauro\UWUDEAD_Shop\venv\lib\site-packages\django\template\loader_tags.py", line 157, in render
    return compiled_parent._render(context)
  File "C:\Users\yauro\UWUDEAD_Shop\venv\lib\site-packages\django\template\base.py", line 167, in _render
    return self.nodelist.render(context)
  File "C:\Users\yauro\UWUDEAD_Shop\venv\lib\site-packages\django\template\base.py", line 1000, in render
    return SafeString("".join([node.render_annotated(context) for node in self]))
  File "C:\Users\yauro\UWUDEAD_Shop\venv\lib\site-packages\django\template\base.py", line 1000, in <listcomp>
    return SafeString("".join([node.render_annotated(context) for node in self]))
  File "C:\Users\yauro\UWUDEAD_Shop\venv\lib\site-packages\django\template\base.py", line 958, in render_annotated
    return self.render(context)
  File "C:\Users\yauro\UWUDEAD_Shop\venv\lib\site-packages\django\template\loader_tags.py", line 157, in render
    return compiled_parent._render(context)
  File "C:\Users\yauro\UWUDEAD_Shop\venv\lib\site-packages\django\template\base.py", line 167, in _render
    return self.nodelist.render(context)
  File "C:\Users\yauro\UWUDEAD_Shop\venv\lib\site-packages\django\template\base.py", line 1000, in render
    return SafeString("".join([node.render_annotated(context) for node in self]))
  File "C:\Users\yauro\UWUDEAD_Shop\venv\lib\site-packages\django\template\base.py", line 1000, in <listcomp>
    return SafeString("".join([node.render_annotated(context) for node in self]))
  File "C:\Users\yauro\UWUDEAD_Shop\venv\lib\site-packages\django\template\base.py", line 958, in render_annotated
    return self.render(context)
  File "C:\Users\yauro\UWUDEAD_Shop\venv\lib\site-packages\django\template\loader_tags.py", line 63, in render
    result = block.nodelist.render(context)
  File "C:\Users\yauro\UWUDEAD_Shop\venv\lib\site-packages\django\template\base.py", line 1000, in render
    return SafeString("".join([node.render_annotated(context) for node in self]))
  File "C:\Users\yauro\UWUDEAD_Shop\venv\lib\site-packages\django\template\base.py", line 1000, in <listcomp>
    return SafeString("".join([node.render_annotated(context) for node in self]))
  File "C:\Users\yauro\UWUDEAD_Shop\venv\lib\site-packages\django\template\base.py", line 958, in render_annotated
    return self.render(context)
  File "C:\Users\yauro\UWUDEAD_Shop\venv\lib\site-packages\django\template\loader_tags.py", line 63, in render
    result = block.nodelist.render(context)
  File "C:\Users\yauro\UWUDEAD_Shop\venv\lib\site-packages\django\template\base.py", line 1000, in render
    return SafeString("".join([node.render_annotated(context) for node in self]))
  File "C:\Users\yauro\UWUDEAD_Shop\venv\lib\site-packages\django\template\base.py", line 1000, in <listcomp>
    return SafeString("".join([node.render_annotated(context) for node in self]))
  File "C:\Users\yauro\UWUDEAD_Shop\venv\lib\site-packages\django\template\base.py", line 958, in render_annotated
    return self.render(context)
  File "C:\Users\yauro\UWUDEAD_Shop\venv\lib\site-packages\django\template\defaulttags.py", line 238, in render
    nodelist.append(node.render_annotated(context))
  File "C:\Users\yauro\UWUDEAD_Shop\venv\lib\site-packages\django\template\base.py", line 958, in render_annotated
    return self.render(context)
  File "C:\Users\yauro\UWUDEAD_Shop\venv\lib\site-packages\django\template\loader_tags.py", line 208, in render
    return template.render(context)
  File "C:\Users\yauro\UWUDEAD_Shop\venv\lib\site-packages\django\template\base.py", line 177, in render
    return self._render(context)
  File "C:\Users\yauro\UWUDEAD_Shop\venv\lib\site-packages\django\template\base.py", line 167, in _render
    return self.nodelist.render(context)
  File "C:\Users\yauro\UWUDEAD_Shop\venv\lib\site-packages\django\template\base.py", line 1000, in render
    return SafeString("".join([node.render_annotated(context) for node in self]))
  File "C:\Users\yauro\UWUDEAD_Shop\venv\lib\site-packages\django\template\base.py", line 1000, in <listcomp>
    return SafeString("".join([node.render_annotated(context) for node in self]))
  File "C:\Users\yauro\UWUDEAD_Shop\venv\lib\site-packages\django\template\base.py", line 958, in render_annotated
    return self.render(context)
  File "C:\Users\yauro\UWUDEAD_Shop\venv\lib\site-packages\django\template\defaulttags.py", line 238, in render
    nodelist.append(node.render_annotated(context))
  File "C:\Users\yauro\UWUDEAD_Shop\venv\lib\site-packages\django\template\base.py", line 958, in render_annotated
    return self.render(context)
  File "C:\Users\yauro\UWUDEAD_Shop\venv\lib\site-packages\django\template\defaulttags.py", line 238, in render
    nodelist.append(node.render_annotated(context))
  File "C:\Users\yauro\UWUDEAD_Shop\venv\lib\site-packages\django\template\base.py", line 958, in render_annotated
    return self.render(context)
  File "C:\Users\yauro\UWUDEAD_Shop\venv\lib\site-packages\django\template\defaulttags.py", line 322, in render
    return nodelist.render(context)
  File "C:\Users\yauro\UWUDEAD_Shop\venv\lib\site-packages\django\template\base.py", line 1000, in render
    return SafeString("".join([node.render_annotated(context) for node in self]))
  File "C:\Users\yauro\UWUDEAD_Shop\venv\lib\site-packages\django\template\base.py", line 1000, in <listcomp>
    return SafeString("".join([node.render_annotated(context) for node in self]))
  File "C:\Users\yauro\UWUDEAD_Shop\venv\lib\site-packages\django\template\base.py", line 958, in render_annotated
    return self.render(context)
  File "C:\Users\yauro\UWUDEAD_Shop\venv\lib\site-packages\django\template\defaulttags.py", line 322, in render
    return nodelist.render(context)
  File "C:\Users\yauro\UWUDEAD_Shop\venv\lib\site-packages\django\template\base.py", line 1000, in render
    return SafeString("".join([node.render_annotated(context) for node in self]))
  File "C:\Users\yauro\UWUDEAD_Shop\venv\lib\site-packages\django\template\base.py", line 1000, in <listcomp>
    return SafeString("".join([node.render_annotated(context) for node in self]))
  File "C:\Users\yauro\UWUDEAD_Shop\venv\lib\site-packages\django\template\base.py", line 958, in render_annotated
    return self.render(context)
  File "C:\Users\yauro\UWUDEAD_Shop\venv\lib\site-packages\django\template\base.py", line 1065, in render
    return render_value_in_context(output, context)
  File "C:\Users\yauro\UWUDEAD_Shop\venv\lib\site-packages\django\template\base.py", line 1042, in render_value_in_context
    value = str(value)
  File "C:\Users\yauro\UWUDEAD_Shop\venv\lib\site-packages\django\utils\html.py", line 382, in <lambda>
    klass.__str__ = lambda self: mark_safe(klass_str(self))
  File "C:\Users\yauro\UWUDEAD_Shop\venv\lib\site-packages\django\forms\boundfield.py", line 34, in __str__
    return self.as_widget()
  File "C:\Users\yauro\UWUDEAD_Shop\venv\lib\site-packages\django\forms\boundfield.py", line 99, in as_widget
    return widget.render(
  File "C:\Users\yauro\UWUDEAD_Shop\venv\lib\site-packages\django\forms\widgets.py", line 275, in render
    context = self.get_context(name, value, attrs)
  File "C:\Users\yauro\UWUDEAD_Shop\venv\lib\site-packages\django\contrib\admin\widgets.py", line 308, in get_context
    "rendered_widget": self.widget.render(name, value, attrs),
  File "C:\Users\yauro\UWUDEAD_Shop\venv\lib\site-packages\django\forms\widgets.py", line 275, in render
    context = self.get_context(name, value, attrs)
  File "C:\Users\yauro\UWUDEAD_Shop\venv\lib\site-packages\django\forms\widgets.py", line 729, in get_context
    context = super().get_context(name, value, attrs)
  File "C:\Users\yauro\UWUDEAD_Shop\venv\lib\site-packages\django\forms\widgets.py", line 688, in get_context
    context["widget"]["optgroups"] = self.optgroups(
  File "C:\Users\yauro\UWUDEAD_Shop\venv\lib\site-packages\django\forms\widgets.py", line 628, in optgroups
    for index, (option_value, option_label) in enumerate(self.choices):
  File "C:\Users\yauro\UWUDEAD_Shop\venv\lib\site-packages\django\forms\models.py", line 1401, in __iter__
    yield self.choice(obj)
  File "C:\Users\yauro\UWUDEAD_Shop\venv\lib\site-packages\django\forms\models.py", line 1415, in choice
    self.field.label_from_instance(obj),
  File "C:\Users\yauro\UWUDEAD_Shop\venv\lib\site-packages\django\forms\models.py", line 1501, in label_from_instance
    return str(obj)
  File "C:\Users\yauro\UWUDEAD_Shop\cart\models.py", line 15, in __str__
    return self.product.name
AttributeError: 'NoneType' object has no attribute 'name'
"GET /admin/cart/order/2/change/ HTTP/1.1" 500 679745
"GET /admin/cart/order/ HTTP/1.1" 200 9414
"GET /admin/cart/order/ HTTP/1.1" 200 9414
"GET /admin/jsi18n/ HTTP/1.1" 200 15618
Internal Server Error: /admin/cart/order/2/change/
Traceback (most recent call last):
  File "C:\Users\yauro\UWUDEAD_Shop\venv\lib\site-packages\django\core\handlers\exception.py", line 55, in inner
    response = get_response(request)
  File "C:\Users\yauro\UWUDEAD_Shop\venv\lib\site-packages\django\core\handlers\base.py", line 220, in _get_response
    response = response.render()
  File "C:\Users\yauro\UWUDEAD_Shop\venv\lib\site-packages\django\template\response.py", line 114, in render
    self.content = self.rendered_content
  File "C:\Users\yauro\UWUDEAD_Shop\venv\lib\site-packages\django\template\response.py", line 92, in rendered_content
    return template.render(context, self._request)
  File "C:\Users\yauro\UWUDEAD_Shop\venv\lib\site-packages\django\template\backends\django.py", line 62, in render
    return self.template.render(context)
  File "C:\Users\yauro\UWUDEAD_Shop\venv\lib\site-packages\django\template\base.py", line 175, in render
    return self._render(context)
  File "C:\Users\yauro\UWUDEAD_Shop\venv\lib\site-packages\django\template\base.py", line 167, in _render
    return self.nodelist.render(context)
  File "C:\Users\yauro\UWUDEAD_Shop\venv\lib\site-packages\django\template\base.py", line 1000, in render
    return SafeString("".join([node.render_annotated(context) for node in self]))
  File "C:\Users\yauro\UWUDEAD_Shop\venv\lib\site-packages\django\template\base.py", line 1000, in <listcomp>
    return SafeString("".join([node.render_annotated(context) for node in self]))
  File "C:\Users\yauro\UWUDEAD_Shop\venv\lib\site-packages\django\template\base.py", line 958, in render_annotated
    return self.render(context)
  File "C:\Users\yauro\UWUDEAD_Shop\venv\lib\site-packages\django\template\loader_tags.py", line 157, in render
    return compiled_parent._render(context)
  File "C:\Users\yauro\UWUDEAD_Shop\venv\lib\site-packages\django\template\base.py", line 167, in _render
    return self.nodelist.render(context)
  File "C:\Users\yauro\UWUDEAD_Shop\venv\lib\site-packages\django\template\base.py", line 1000, in render
    return SafeString("".join([node.render_annotated(context) for node in self]))
  File "C:\Users\yauro\UWUDEAD_Shop\venv\lib\site-packages\django\template\base.py", line 1000, in <listcomp>
    return SafeString("".join([node.render_annotated(context) for node in self]))
  File "C:\Users\yauro\UWUDEAD_Shop\venv\lib\site-packages\django\template\base.py", line 958, in render_annotated
    return self.render(context)
  File "C:\Users\yauro\UWUDEAD_Shop\venv\lib\site-packages\django\template\loader_tags.py", line 157, in render
    return compiled_parent._render(context)
  File "C:\Users\yauro\UWUDEAD_Shop\venv\lib\site-packages\django\template\base.py", line 167, in _render
    return self.nodelist.render(context)
  File "C:\Users\yauro\UWUDEAD_Shop\venv\lib\site-packages\django\template\base.py", line 1000, in render
    return SafeString("".join([node.render_annotated(context) for node in self]))
  File "C:\Users\yauro\UWUDEAD_Shop\venv\lib\site-packages\django\template\base.py", line 1000, in <listcomp>
    return SafeString("".join([node.render_annotated(context) for node in self]))
  File "C:\Users\yauro\UWUDEAD_Shop\venv\lib\site-packages\django\template\base.py", line 958, in render_annotated
    return self.render(context)
  File "C:\Users\yauro\UWUDEAD_Shop\venv\lib\site-packages\django\template\loader_tags.py", line 63, in render
    result = block.nodelist.render(context)
  File "C:\Users\yauro\UWUDEAD_Shop\venv\lib\site-packages\django\template\base.py", line 1000, in render
    return SafeString("".join([node.render_annotated(context) for node in self]))
  File "C:\Users\yauro\UWUDEAD_Shop\venv\lib\site-packages\django\template\base.py", line 1000, in <listcomp>
    return SafeString("".join([node.render_annotated(context) for node in self]))
  File "C:\Users\yauro\UWUDEAD_Shop\venv\lib\site-packages\django\template\base.py", line 958, in render_annotated
    return self.render(context)
  File "C:\Users\yauro\UWUDEAD_Shop\venv\lib\site-packages\django\template\loader_tags.py", line 63, in render
    result = block.nodelist.render(context)
  File "C:\Users\yauro\UWUDEAD_Shop\venv\lib\site-packages\django\template\base.py", line 1000, in render
    return SafeString("".join([node.render_annotated(context) for node in self]))
  File "C:\Users\yauro\UWUDEAD_Shop\venv\lib\site-packages\django\template\base.py", line 1000, in <listcomp>
    return SafeString("".join([node.render_annotated(context) for node in self]))
  File "C:\Users\yauro\UWUDEAD_Shop\venv\lib\site-packages\django\template\base.py", line 958, in render_annotated
    return self.render(context)
  File "C:\Users\yauro\UWUDEAD_Shop\venv\lib\site-packages\django\template\defaulttags.py", line 238, in render
    nodelist.append(node.render_annotated(context))
  File "C:\Users\yauro\UWUDEAD_Shop\venv\lib\site-packages\django\template\base.py", line 958, in render_annotated
    return self.render(context)
  File "C:\Users\yauro\UWUDEAD_Shop\venv\lib\site-packages\django\template\loader_tags.py", line 208, in render
    return template.render(context)
  File "C:\Users\yauro\UWUDEAD_Shop\venv\lib\site-packages\django\template\base.py", line 177, in render
    return self._render(context)
  File "C:\Users\yauro\UWUDEAD_Shop\venv\lib\site-packages\django\template\base.py", line 167, in _render
    return self.nodelist.render(context)
  File "C:\Users\yauro\UWUDEAD_Shop\venv\lib\site-packages\django\template\base.py", line 1000, in render
    return SafeString("".join([node.render_annotated(context) for node in self]))
  File "C:\Users\yauro\UWUDEAD_Shop\venv\lib\site-packages\django\template\base.py", line 1000, in <listcomp>
    return SafeString("".join([node.render_annotated(context) for node in self]))
  File "C:\Users\yauro\UWUDEAD_Shop\venv\lib\site-packages\django\template\base.py", line 958, in render_annotated
    return self.render(context)
  File "C:\Users\yauro\UWUDEAD_Shop\venv\lib\site-packages\django\template\defaulttags.py", line 238, in render
    nodelist.append(node.render_annotated(context))
  File "C:\Users\yauro\UWUDEAD_Shop\venv\lib\site-packages\django\template\base.py", line 958, in render_annotated
    return self.render(context)
  File "C:\Users\yauro\UWUDEAD_Shop\venv\lib\site-packages\django\template\defaulttags.py", line 238, in render
    nodelist.append(node.render_annotated(context))
  File "C:\Users\yauro\UWUDEAD_Shop\venv\lib\site-packages\django\template\base.py", line 958, in render_annotated
    return self.render(context)
  File "C:\Users\yauro\UWUDEAD_Shop\venv\lib\site-packages\django\template\defaulttags.py", line 322, in render
    return nodelist.render(context)
  File "C:\Users\yauro\UWUDEAD_Shop\venv\lib\site-packages\django\template\base.py", line 1000, in render
    return SafeString("".join([node.render_annotated(context) for node in self]))
  File "C:\Users\yauro\UWUDEAD_Shop\venv\lib\site-packages\django\template\base.py", line 1000, in <listcomp>
    return SafeString("".join([node.render_annotated(context) for node in self]))
  File "C:\Users\yauro\UWUDEAD_Shop\venv\lib\site-packages\django\template\base.py", line 958, in render_annotated
    return self.render(context)
  File "C:\Users\yauro\UWUDEAD_Shop\venv\lib\site-packages\django\template\defaulttags.py", line 322, in render
    return nodelist.render(context)
  File "C:\Users\yauro\UWUDEAD_Shop\venv\lib\site-packages\django\template\base.py", line 1000, in render
    return SafeString("".join([node.render_annotated(context) for node in self]))
  File "C:\Users\yauro\UWUDEAD_Shop\venv\lib\site-packages\django\template\base.py", line 1000, in <listcomp>
    return SafeString("".join([node.render_annotated(context) for node in self]))
  File "C:\Users\yauro\UWUDEAD_Shop\venv\lib\site-packages\django\template\base.py", line 958, in render_annotated
    return self.render(context)
  File "C:\Users\yauro\UWUDEAD_Shop\venv\lib\site-packages\django\template\base.py", line 1065, in render
    return render_value_in_context(output, context)
  File "C:\Users\yauro\UWUDEAD_Shop\venv\lib\site-packages\django\template\base.py", line 1042, in render_value_in_context
    value = str(value)
  File "C:\Users\yauro\UWUDEAD_Shop\venv\lib\site-packages\django\utils\html.py", line 382, in <lambda>
    klass.__str__ = lambda self: mark_safe(klass_str(self))
  File "C:\Users\yauro\UWUDEAD_Shop\venv\lib\site-packages\django\forms\boundfield.py", line 34, in __str__
    return self.as_widget()
  File "C:\Users\yauro\UWUDEAD_Shop\venv\lib\site-packages\django\forms\boundfield.py", line 99, in as_widget
    return widget.render(
  File "C:\Users\yauro\UWUDEAD_Shop\venv\lib\site-packages\django\forms\widgets.py", line 275, in render
    context = self.get_context(name, value, attrs)
  File "C:\Users\yauro\UWUDEAD_Shop\venv\lib\site-packages\django\contrib\admin\widgets.py", line 308, in get_context
    "rendered_widget": self.widget.render(name, value, attrs),
  File "C:\Users\yauro\UWUDEAD_Shop\venv\lib\site-packages\django\forms\widgets.py", line 275, in render
    context = self.get_context(name, value, attrs)
  File "C:\Users\yauro\UWUDEAD_Shop\venv\lib\site-packages\django\forms\widgets.py", line 729, in get_context
    context = super().get_context(name, value, attrs)
  File "C:\Users\yauro\UWUDEAD_Shop\venv\lib\site-packages\django\forms\widgets.py", line 688, in get_context
    context["widget"]["optgroups"] = self.optgroups(
  File "C:\Users\yauro\UWUDEAD_Shop\venv\lib\site-packages\django\forms\widgets.py", line 628, in optgroups
    for index, (option_value, option_label) in enumerate(self.choices):
  File "C:\Users\yauro\UWUDEAD_Shop\venv\lib\site-packages\django\forms\models.py", line 1401, in __iter__
    yield self.choice(obj)
  File "C:\Users\yauro\UWUDEAD_Shop\venv\lib\site-packages\django\forms\models.py", line 1415, in choice
    self.field.label_from_instance(obj),
  File "C:\Users\yauro\UWUDEAD_Shop\venv\lib\site-packages\django\forms\models.py", line 1501, in label_from_instance
    return str(obj)
  File "C:\Users\yauro\UWUDEAD_Shop\cart\models.py", line 15, in __str__
    return self.product.name
AttributeError: 'NoneType' object has no attribute 'name'
"GET /admin/cart/order/2/change/ HTTP/1.1" 500 679745
"GET /admin/cart/order/ HTTP/1.1" 200 9414
"GET /admin/cart/transaction/ HTTP/1.1" 200 7981
"GET /admin/jsi18n/ HTTP/1.1" 200 15618
"GET /admin/cart/order/ HTTP/1.1" 200 9414
"GET /admin/jsi18n/ HTTP/1.1" 200 15618
"GET /admin/sites/site/ HTTP/1.1" 200 10095
"GET /admin/jsi18n/ HTTP/1.1" 200 15618
"GET /admin/cart/order/ HTTP/1.1" 200 9414
"GET /admin/jsi18n/ HTTP/1.1" 200 15618
Internal Server Error: /admin/cart/orderitem/
Traceback (most recent call last):
  File "C:\Users\yauro\UWUDEAD_Shop\venv\lib\site-packages\django\db\models\options.py", line 672, in get_field
    return self.fields_map[field_name]
KeyError: '__str__'

During handling of the above exception, another exception occurred:

Traceback (most recent call last):
  File "C:\Users\yauro\UWUDEAD_Shop\venv\lib\site-packages\django\contrib\admin\utils.py", line 271, in lookup_field
    f = _get_non_gfk_field(opts, name)
  File "C:\Users\yauro\UWUDEAD_Shop\venv\lib\site-packages\django\contrib\admin\utils.py", line 302, in _get_non_gfk_field
    field = opts.get_field(name)
  File "C:\Users\yauro\UWUDEAD_Shop\venv\lib\site-packages\django\db\models\options.py", line 674, in get_field
    raise FieldDoesNotExist(
django.core.exceptions.FieldDoesNotExist: OrderItem has no field named '__str__'

During handling of the above exception, another exception occurred:

Traceback (most recent call last):
  File "C:\Users\yauro\UWUDEAD_Shop\venv\lib\site-packages\django\core\handlers\exception.py", line 55, in inner
    response = get_response(request)
  File "C:\Users\yauro\UWUDEAD_Shop\venv\lib\site-packages\django\core\handlers\base.py", line 220, in _get_response
    response = response.render()
  File "C:\Users\yauro\UWUDEAD_Shop\venv\lib\site-packages\django\template\response.py", line 114, in render
    self.content = self.rendered_content
  File "C:\Users\yauro\UWUDEAD_Shop\venv\lib\site-packages\django\template\response.py", line 92, in rendered_content
    return template.render(context, self._request)
  File "C:\Users\yauro\UWUDEAD_Shop\venv\lib\site-packages\django\template\backends\django.py", line 62, in render
    return self.template.render(context)
  File "C:\Users\yauro\UWUDEAD_Shop\venv\lib\site-packages\django\template\base.py", line 175, in render
    return self._render(context)
  File "C:\Users\yauro\UWUDEAD_Shop\venv\lib\site-packages\django\template\base.py", line 167, in _render
    return self.nodelist.render(context)
  File "C:\Users\yauro\UWUDEAD_Shop\venv\lib\site-packages\django\template\base.py", line 1000, in render
    return SafeString("".join([node.render_annotated(context) for node in self]))
  File "C:\Users\yauro\UWUDEAD_Shop\venv\lib\site-packages\django\template\base.py", line 1000, in <listcomp>
    return SafeString("".join([node.render_annotated(context) for node in self]))
  File "C:\Users\yauro\UWUDEAD_Shop\venv\lib\site-packages\django\template\base.py", line 958, in render_annotated
    return self.render(context)
  File "C:\Users\yauro\UWUDEAD_Shop\venv\lib\site-packages\django\template\loader_tags.py", line 157, in render
    return compiled_parent._render(context)
  File "C:\Users\yauro\UWUDEAD_Shop\venv\lib\site-packages\django\template\base.py", line 167, in _render
    return self.nodelist.render(context)
  File "C:\Users\yauro\UWUDEAD_Shop\venv\lib\site-packages\django\template\base.py", line 1000, in render
    return SafeString("".join([node.render_annotated(context) for node in self]))
  File "C:\Users\yauro\UWUDEAD_Shop\venv\lib\site-packages\django\template\base.py", line 1000, in <listcomp>
    return SafeString("".join([node.render_annotated(context) for node in self]))
  File "C:\Users\yauro\UWUDEAD_Shop\venv\lib\site-packages\django\template\base.py", line 958, in render_annotated
    return self.render(context)
  File "C:\Users\yauro\UWUDEAD_Shop\venv\lib\site-packages\django\template\loader_tags.py", line 157, in render
    return compiled_parent._render(context)
  File "C:\Users\yauro\UWUDEAD_Shop\venv\lib\site-packages\django\template\base.py", line 167, in _render
    return self.nodelist.render(context)
  File "C:\Users\yauro\UWUDEAD_Shop\venv\lib\site-packages\django\template\base.py", line 1000, in render
    return SafeString("".join([node.render_annotated(context) for node in self]))
  File "C:\Users\yauro\UWUDEAD_Shop\venv\lib\site-packages\django\template\base.py", line 1000, in <listcomp>
    return SafeString("".join([node.render_annotated(context) for node in self]))
  File "C:\Users\yauro\UWUDEAD_Shop\venv\lib\site-packages\django\template\base.py", line 958, in render_annotated
    return self.render(context)
  File "C:\Users\yauro\UWUDEAD_Shop\venv\lib\site-packages\django\template\loader_tags.py", line 63, in render
    result = block.nodelist.render(context)
  File "C:\Users\yauro\UWUDEAD_Shop\venv\lib\site-packages\django\template\base.py", line 1000, in render
    return SafeString("".join([node.render_annotated(context) for node in self]))
  File "C:\Users\yauro\UWUDEAD_Shop\venv\lib\site-packages\django\template\base.py", line 1000, in <listcomp>
    return SafeString("".join([node.render_annotated(context) for node in self]))
  File "C:\Users\yauro\UWUDEAD_Shop\venv\lib\site-packages\django\template\base.py", line 958, in render_annotated
    return self.render(context)
  File "C:\Users\yauro\UWUDEAD_Shop\venv\lib\site-packages\django\template\loader_tags.py", line 63, in render
    result = block.nodelist.render(context)
  File "C:\Users\yauro\UWUDEAD_Shop\venv\lib\site-packages\django\template\base.py", line 1000, in render
    return SafeString("".join([node.render_annotated(context) for node in self]))
  File "C:\Users\yauro\UWUDEAD_Shop\venv\lib\site-packages\django\template\base.py", line 1000, in <listcomp>
    return SafeString("".join([node.render_annotated(context) for node in self]))
  File "C:\Users\yauro\UWUDEAD_Shop\venv\lib\site-packages\django\template\base.py", line 958, in render_annotated
    return self.render(context)
  File "C:\Users\yauro\UWUDEAD_Shop\venv\lib\site-packages\django\contrib\admin\templatetags\base.py", line 45, in render
    return super().render(context)
  File "C:\Users\yauro\UWUDEAD_Shop\venv\lib\site-packages\django\template\library.py", line 260, in render
    _dict = self.func(*resolved_args, **resolved_kwargs)
  File "C:\Users\yauro\UWUDEAD_Shop\venv\lib\site-packages\django\contrib\admin\templatetags\admin_list.py", line 336, in result_list
    "results": list(results(cl)),
  File "C:\Users\yauro\UWUDEAD_Shop\venv\lib\site-packages\django\contrib\admin\templatetags\admin_list.py", line 312, in results
    yield ResultList(None, items_for_result(cl, res, None))
  File "C:\Users\yauro\UWUDEAD_Shop\venv\lib\site-packages\django\contrib\admin\templatetags\admin_list.py", line 303, in __init__
    super().__init__(*items)
  File "C:\Users\yauro\UWUDEAD_Shop\venv\lib\site-packages\django\contrib\admin\templatetags\admin_list.py", line 213, in items_for_result
    f, attr, value = lookup_field(field_name, result, cl.model_admin)
  File "C:\Users\yauro\UWUDEAD_Shop\venv\lib\site-packages\django\contrib\admin\utils.py", line 284, in lookup_field
    value = attr()
  File "C:\Users\yauro\UWUDEAD_Shop\cart\models.py", line 15, in __str__
    return self.product.name
AttributeError: 'NoneType' object has no attribute 'name'
"GET /admin/cart/orderitem/ HTTP/1.1" 500 436511
"GET /admin/cart/order/ HTTP/1.1" 200 9414
Watching for file changes with StatReloader
"GET / HTTP/1.1" 200 14831
"GET /cart/view_cart/ HTTP/1.1" 302 0
Not Found: /accounts/login/
"GET /accounts/login/?next=/cart/view_cart/ HTTP/1.1" 404 5292
"GET /admin/ HTTP/1.1" 302 0
"GET /admin/login/?next=/admin/ HTTP/1.1" 200 2302
"GET /admin/ HTTP/1.1" 302 0
"GET /admin/login/?next=/admin/ HTTP/1.1" 200 2302
"POST /admin/login/?next=/admin/ HTTP/1.1" 302 0
"GET /admin/ HTTP/1.1" 200 7722
"GET /admin/shop/collections/ HTTP/1.1" 200 8613
"GET /admin/jsi18n/ HTTP/1.1" 200 15618
"GET /admin/shop/collections/add/ HTTP/1.1" 200 9975
"GET /admin/jsi18n/ HTTP/1.1" 200 15618
"POST /admin/shop/collections/add/ HTTP/1.1" 302 0
"GET /admin/shop/collections/add/ HTTP/1.1" 200 10279
"GET /admin/jsi18n/ HTTP/1.1" 200 15618
"POST /admin/shop/collections/add/ HTTP/1.1" 302 0
"GET /admin/shop/collections/add/ HTTP/1.1" 200 10285
"GET /admin/jsi18n/ HTTP/1.1" 200 15618
"POST /admin/shop/collections/add/ HTTP/1.1" 302 0
"GET /admin/shop/collections/ HTTP/1.1" 200 11475
"GET /admin/jsi18n/ HTTP/1.1" 200 15618
"GET /admin/shop/collections/add/ HTTP/1.1" 200 9975
"GET /admin/jsi18n/ HTTP/1.1" 200 15618
"POST /admin/shop/collections/add/ HTTP/1.1" 302 0
"GET /admin/shop/collections/add/ HTTP/1.1" 200 10299
"GET /admin/jsi18n/ HTTP/1.1" 200 15618
"POST /admin/shop/collections/add/ HTTP/1.1" 302 0
"GET /admin/shop/collections/add/ HTTP/1.1" 200 10286
"GET /admin/jsi18n/ HTTP/1.1" 200 15618
"POST /admin/shop/collections/add/ HTTP/1.1" 302 0
"GET /admin/shop/collections/add/ HTTP/1.1" 200 10282
"GET /admin/jsi18n/ HTTP/1.1" 200 15618
"POST /admin/shop/collections/add/ HTTP/1.1" 302 0
"GET /admin/shop/collections/add/ HTTP/1.1" 200 10281
"GET /admin/jsi18n/ HTTP/1.1" 200 15618
"POST /admin/shop/collections/add/ HTTP/1.1" 302 0
"GET /admin/shop/collections/add/ HTTP/1.1" 200 10280
"GET /admin/jsi18n/ HTTP/1.1" 200 15618
"POST /admin/shop/collections/add/ HTTP/1.1" 302 0
"GET /admin/shop/collections/add/ HTTP/1.1" 200 10282
"GET /admin/jsi18n/ HTTP/1.1" 200 15618
"POST /admin/shop/collections/add/ HTTP/1.1" 302 0
"GET /admin/shop/collections/add/ HTTP/1.1" 200 10282
"GET /admin/jsi18n/ HTTP/1.1" 200 15618
"POST /admin/shop/collections/add/ HTTP/1.1" 302 0
"GET /admin/shop/collections/add/ HTTP/1.1" 200 10286
"GET /admin/jsi18n/ HTTP/1.1" 200 15618
"POST /admin/shop/collections/add/ HTTP/1.1" 302 0
"GET /admin/shop/collections/add/ HTTP/1.1" 200 10279
"GET /admin/jsi18n/ HTTP/1.1" 200 15618
"POST /admin/shop/collections/add/ HTTP/1.1" 302 0
"GET /admin/shop/collections/add/ HTTP/1.1" 200 10279
"GET /admin/jsi18n/ HTTP/1.1" 200 15618
"POST /admin/shop/collections/add/ HTTP/1.1" 302 0
"GET /admin/shop/collections/add/ HTTP/1.1" 200 10283
"GET /admin/jsi18n/ HTTP/1.1" 200 15618
"POST /admin/shop/collections/add/ HTTP/1.1" 302 0
"GET /admin/shop/collections/add/ HTTP/1.1" 200 10286
"GET /admin/jsi18n/ HTTP/1.1" 200 15618
"POST /admin/shop/collections/add/ HTTP/1.1" 302 0
"GET /admin/shop/collections/add/ HTTP/1.1" 200 10280
"GET /admin/jsi18n/ HTTP/1.1" 200 15618
"POST /admin/shop/collections/add/ HTTP/1.1" 302 0
"GET /admin/shop/collections/add/ HTTP/1.1" 200 10295
"GET /admin/jsi18n/ HTTP/1.1" 200 15618
"POST /admin/shop/collections/add/ HTTP/1.1" 302 0
"GET /admin/shop/collections/add/ HTTP/1.1" 200 10289
"GET /admin/jsi18n/ HTTP/1.1" 200 15618
"POST /admin/shop/collections/add/ HTTP/1.1" 302 0
"GET /admin/shop/collections/ HTTP/1.1" 200 17347
"GET /admin/jsi18n/ HTTP/1.1" 200 15618
"GET /admin/shop/collections/10/change/ HTTP/1.1" 200 10640
"GET /admin/jsi18n/ HTTP/1.1" 200 15618
"POST /admin/shop/collections/10/change/ HTTP/1.1" 302 0
"GET /admin/shop/collections/ HTTP/1.1" 200 17416
"GET /admin/jsi18n/ HTTP/1.1" 200 15618
"GET /admin/shop/collections/16/change/ HTTP/1.1" 200 10626
"GET /admin/jsi18n/ HTTP/1.1" 200 15618
"POST /admin/shop/collections/16/change/ HTTP/1.1" 302 0
"GET /admin/shop/collections/ HTTP/1.1" 200 17473
"GET /admin/jsi18n/ HTTP/1.1" 200 15618
"GET / HTTP/1.1" 200 14870
"GET /cart/view_cart/ HTTP/1.1" 200 13895
"GET /collections/ HTTP/1.1" 200 26038
"GET /media/img/collections/OMORI.jpg HTTP/1.1" 200 73567
"GET /media/img/collections/shirts.jpg HTTP/1.1" 200 56716
"GET /media/img/collections/apparel.jpg HTTP/1.1" 200 81187
"GET /media/img/collections/hololive.png HTTP/1.1" 200 232168
"GET /media/img/collections/books.jpg HTTP/1.1" 200 63965
"GET /media/img/collections/Jackets.jpg HTTP/1.1" 200 60309
"GET /media/img/collections/skate.jpg HTTP/1.1" 200 55427
"GET /media/img/collections/pins.jpg HTTP/1.1" 200 87865
"GET /media/img/collections/original.jpg HTTP/1.1" 200 68620
"GET /media/img/collections/ddlc.jpg HTTP/1.1" 200 47490
"GET /media/img/collections/HAT.jpg HTTP/1.1" 200 275739
"GET /media/img/collections/miku.jpg HTTP/1.1" 200 56534
"GET /media/img/collections/sweaters.jpg HTTP/1.1" 200 69122
"GET /media/img/collections/bang_dream.jpg HTTP/1.1" 200 311772
"GET /media/img/collections/stickers.jpg HTTP/1.1" 200 78422
"GET /media/img/collections/accessories.jpg HTTP/1.1" 200 79839
"GET /media/img/collections/posters.jpg HTTP/1.1" 200 42388
"GET /media/img/collections/printed_matter.jpg HTTP/1.1" 200 63119
"GET /cart/view_cart/ HTTP/1.1" 200 13895
"GET /media/img/collections/plushies.png HTTP/1.1" 200 275035
"GET /admin/shop/collections/3/change/ HTTP/1.1" 200 10658
"GET /admin/jsi18n/ HTTP/1.1" 200 15618
"GET /admin/shop/collections/3/delete/ HTTP/1.1" 200 8088
"POST /admin/shop/collections/3/delete/ HTTP/1.1" 302 0
"GET /admin/shop/collections/ HTTP/1.1" 200 17047
"GET /admin/jsi18n/ HTTP/1.1" 200 15618
"GET /admin/shop/collections/13/change/ HTTP/1.1" 200 10617
"GET /admin/jsi18n/ HTTP/1.1" 200 15618
"GET /admin/shop/collections/13/delete/ HTTP/1.1" 200 8072
"POST /admin/shop/collections/13/delete/ HTTP/1.1" 302 0
"GET /admin/shop/collections/ HTTP/1.1" 200 16696
"GET /admin/jsi18n/ HTTP/1.1" 200 15618
"GET /collections/ HTTP/1.1" 200 24801
"GET /media/img/collections/OMORI.jpg HTTP/1.1" 304 0
"GET /media/img/collections/hololive.png HTTP/1.1" 304 0
"GET /media/img/collections/shirts.jpg HTTP/1.1" 304 0
"GET /media/img/collections/original.jpg HTTP/1.1" 304 0
"GET /media/img/collections/apparel.jpg HTTP/1.1" 304 0
"GET /media/img/collections/sweaters.jpg HTTP/1.1" 304 0
"GET /media/img/collections/miku.jpg HTTP/1.1" 304 0
"GET /media/img/collections/ddlc.jpg HTTP/1.1" 304 0
"GET /media/img/collections/Jackets.jpg HTTP/1.1" 304 0
"GET /media/img/collections/pins.jpg HTTP/1.1" 304 0
"GET /media/img/collections/stickers.jpg HTTP/1.1" 304 0
"GET /media/img/collections/accessories.jpg HTTP/1.1" 304 0
"GET /media/img/collections/books.jpg HTTP/1.1" 304 0
"GET /media/img/collections/skate.jpg HTTP/1.1" 304 0
"GET /media/img/collections/posters.jpg HTTP/1.1" 304 0
"GET /media/img/collections/printed_matter.jpg HTTP/1.1" 304 0
"GET /media/img/collections/plushies.png HTTP/1.1" 304 0
"GET /cart/view_cart/ HTTP/1.1" 200 13895
"GET /collections/omori/ HTTP/1.1" 200 14077
"GET /cart/view_cart/ HTTP/1.1" 200 13895
"GET /collections/ HTTP/1.1" 200 24801
"GET /media/img/collections/OMORI.jpg HTTP/1.1" 304 0
"GET /media/img/collections/hololive.png HTTP/1.1" 304 0
"GET /media/img/collections/miku.jpg HTTP/1.1" 304 0
"GET /media/img/collections/original.jpg HTTP/1.1" 304 0
"GET /media/img/collections/shirts.jpg HTTP/1.1" 304 0
"GET /media/img/collections/apparel.jpg HTTP/1.1" 304 0
"GET /media/img/collections/ddlc.jpg HTTP/1.1" 304 0
"GET /media/img/collections/sweaters.jpg HTTP/1.1" 304 0
"GET /media/img/collections/Jackets.jpg HTTP/1.1" 304 0
"GET /media/img/collections/accessories.jpg HTTP/1.1" 304 0
"GET /media/img/collections/pins.jpg HTTP/1.1" 304 0
"GET /media/img/collections/skate.jpg HTTP/1.1" 304 0
"GET /media/img/collections/stickers.jpg HTTP/1.1" 304 0
"GET /media/img/collections/books.jpg HTTP/1.1" 304 0
"GET /media/img/collections/plushies.png HTTP/1.1" 304 0
"GET /media/img/collections/posters.jpg HTTP/1.1" 304 0
"GET /media/img/collections/printed_matter.jpg HTTP/1.1" 304 0
"GET /cart/view_cart/ HTTP/1.1" 200 13895
Watching for file changes with StatReloader
"GET /collections/ HTTP/1.1" 200 24801
"GET /media/img/collections/OMORI.jpg HTTP/1.1" 304 0
"GET /media/img/collections/hololive.png HTTP/1.1" 304 0
"GET /media/img/collections/ddlc.jpg HTTP/1.1" 304 0
"GET /media/img/collections/miku.jpg HTTP/1.1" 304 0
"GET /media/img/collections/original.jpg HTTP/1.1" 304 0
"GET /media/img/collections/apparel.jpg HTTP/1.1" 304 0
"GET /media/img/collections/shirts.jpg HTTP/1.1" 304 0
"GET /media/img/collections/sweaters.jpg HTTP/1.1" 304 0
"GET /media/img/collections/Jackets.jpg HTTP/1.1" 304 0
"GET /media/img/collections/accessories.jpg HTTP/1.1" 304 0
"GET /media/img/collections/stickers.jpg HTTP/1.1" 304 0
"GET /media/img/collections/pins.jpg HTTP/1.1" 304 0
"GET /media/img/collections/skate.jpg HTTP/1.1" 304 0
"GET /media/img/collections/books.jpg HTTP/1.1" 304 0
"GET /media/img/collections/posters.jpg HTTP/1.1" 304 0
"GET /media/img/collections/printed_matter.jpg HTTP/1.1" 304 0
"GET /media/img/collections/plushies.png HTTP/1.1" 304 0
"GET /cart/view_cart/ HTTP/1.1" 200 13895
"GET / HTTP/1.1" 200 14831
"GET /static/js/header.js HTTP/1.1" 200 308
"GET /static/css/logged_out.css HTTP/1.1" 200 384
"GET /static/css/mainPage.css HTTP/1.1" 200 12010
"GET /static/css/collections_list.css HTTP/1.1" 200 937
"GET /static/css/collection_list.css HTTP/1.1" 200 1039
"GET /static/css/slider.css HTTP/1.1" 200 2204
"GET /static/font-awesome/css/font-awesome.min.css HTTP/1.1" 200 31004
"GET /static/css/footer.css HTTP/1.1" 200 2685
"GET /static/js/slider.js HTTP/1.1" 200 1479
"GET /static/js/ajax_search.js HTTP/1.1" 200 1381
"GET /static/js/jquery.js HTTP/1.1" 200 299461
"GET /static/js/ajax_cart.js HTTP/1.1" 200 1306
"GET /static/img/logo.jpg HTTP/1.1" 200 40755
"GET /static/img/search.svg HTTP/1.1" 200 220
"GET /static/img/cancel.svg HTTP/1.1" 200 276
"GET /static/img/user.svg HTTP/1.1" 200 277
"GET /static/img/search-button.svg HTTP/1.1" 200 220
"GET /static/img/shopping-cart.svg HTTP/1.1" 200 617
"GET /static/img/img-slider/omori_banner1_71c5059d-da1e-4e64-b7e2-bf14d1545962_2048x.webp HTTP/1.1" 200 394408
"GET /cart/view_cart/ HTTP/1.1" 302 0
"GET /static/img/img-slider/plush_preorder_banner_2048x.webp HTTP/1.1" 200 268164
"GET /static/img/img-slider/omori_preorder_banner_2048x.webp HTTP/1.1" 200 342868
Not Found: /accounts/login/
"GET /accounts/login/?next=/cart/view_cart/ HTTP/1.1" 404 5292
"GET /static/font-awesome/fonts/fontawesome-webfont.woff2?v=4.7.0 HTTP/1.1" 200 77160
"GET /static/img/favicon.ico HTTP/1.1" 200 246846
"GET /collections HTTP/1.1" 301 0
"GET /collections/ HTTP/1.1" 200 24762
"GET /media/img/collections/OMORI.jpg HTTP/1.1" 200 73567
"GET /media/img/collections/ddlc.jpg HTTP/1.1" 200 47490
"GET /media/img/collections/hololive.png HTTP/1.1" 200 232168
"GET /media/img/collections/shirts.jpg HTTP/1.1" 200 56716
"GET /media/img/collections/miku.jpg HTTP/1.1" 200 56534
"GET /media/img/collections/apparel.jpg HTTP/1.1" 200 81187
"GET /media/img/collections/sweaters.jpg HTTP/1.1" 200 69122
"GET /media/img/collections/original.jpg HTTP/1.1" 200 68620
"GET /media/img/collections/Jackets.jpg HTTP/1.1" 200 60309
"GET /media/img/collections/skate.jpg HTTP/1.1" 200 55427
"GET /media/img/collections/stickers.jpg HTTP/1.1" 200 78422
"GET /media/img/collections/accessories.jpg HTTP/1.1" 200 79839
"GET /media/img/collections/books.jpg HTTP/1.1" 200 63965
"GET /media/img/collections/posters.jpg HTTP/1.1" 200 42388
"GET /media/img/collections/pins.jpg HTTP/1.1" 200 87865
"GET /media/img/collections/printed_matter.jpg HTTP/1.1" 200 63119
"GET /media/img/collections/plushies.png HTTP/1.1" 200 275035
"GET /cart/view_cart/ HTTP/1.1" 302 0
Not Found: /accounts/login/
"GET /accounts/login/?next=/cart/view_cart/ HTTP/1.1" 404 5292
"GET /collections/ HTTP/1.1" 200 24762
"GET /cart/view_cart/ HTTP/1.1" 302 0
Not Found: /accounts/login/
"GET /accounts/login/?next=/cart/view_cart/ HTTP/1.1" 404 5292
Watching for file changes with StatReloader
"GET /collections/ HTTP/1.1" 200 24762
"GET /media/img/collections/Jackets.jpg HTTP/1.1" 304 0
"GET /media/img/collections/accessories.jpg HTTP/1.1" 304 0
"GET /media/img/collections/pins.jpg HTTP/1.1" 304 0
"GET /media/img/collections/stickers.jpg HTTP/1.1" 304 0
"GET /media/img/collections/skate.jpg HTTP/1.1" 304 0
"GET /media/img/collections/books.jpg HTTP/1.1" 304 0
"GET /media/img/collections/posters.jpg HTTP/1.1" 304 0
"GET /media/img/collections/plushies.png HTTP/1.1" 304 0
"GET /media/img/collections/printed_matter.jpg HTTP/1.1" 304 0
"GET /cart/view_cart/ HTTP/1.1" 302 0
Not Found: /accounts/login/
"GET /accounts/login/?next=/cart/view_cart/ HTTP/1.1" 404 5292
Watching for file changes with StatReloader
"GET / HTTP/1.1" 200 14831
"GET /cart/view_cart/ HTTP/1.1" 302 0
Not Found: /accounts/login/
"GET /accounts/login/?next=/cart/view_cart/ HTTP/1.1" 404 5292
"GET /collections/ HTTP/1.1" 200 24762
"GET /media/img/collections/OMORI.jpg HTTP/1.1" 304 0
"GET /media/img/collections/hololive.png HTTP/1.1" 304 0
"GET /media/img/collections/ddlc.jpg HTTP/1.1" 304 0
"GET /media/img/collections/original.jpg HTTP/1.1" 304 0
"GET /media/img/collections/miku.jpg HTTP/1.1" 304 0
"GET /media/img/collections/apparel.jpg HTTP/1.1" 304 0
"GET /media/img/collections/shirts.jpg HTTP/1.1" 304 0
"GET /media/img/collections/sweaters.jpg HTTP/1.1" 304 0
"GET /cart/view_cart/ HTTP/1.1" 302 0
Not Found: /accounts/login/
"GET /accounts/login/?next=/cart/view_cart/ HTTP/1.1" 404 5292
"GET /collections/ HTTP/1.1" 200 24801
"GET /media/img/collections/OMORI.jpg HTTP/1.1" 304 0
"GET /media/img/collections/hololive.png HTTP/1.1" 304 0
"GET /media/img/collections/ddlc.jpg HTTP/1.1" 304 0
"GET /media/img/collections/original.jpg HTTP/1.1" 304 0
"GET /media/img/collections/miku.jpg HTTP/1.1" 304 0
"GET /media/img/collections/apparel.jpg HTTP/1.1" 304 0
"GET /media/img/collections/shirts.jpg HTTP/1.1" 304 0
"GET /media/img/collections/sweaters.jpg HTTP/1.1" 304 0
"GET /media/img/collections/accessories.jpg HTTP/1.1" 304 0
"GET /media/img/collections/Jackets.jpg HTTP/1.1" 304 0
"GET /media/img/collections/stickers.jpg HTTP/1.1" 304 0
"GET /media/img/collections/pins.jpg HTTP/1.1" 304 0
"GET /media/img/collections/skate.jpg HTTP/1.1" 304 0
"GET /media/img/collections/books.jpg HTTP/1.1" 304 0
"GET /media/img/collections/printed_matter.jpg HTTP/1.1" 304 0
"GET /media/img/collections/posters.jpg HTTP/1.1" 304 0
"GET /media/img/collections/plushies.png HTTP/1.1" 304 0
"GET /cart/view_cart/ HTTP/1.1" 200 13895
"GET / HTTP/1.1" 200 14870
"GET /cart/view_cart/ HTTP/1.1" 200 13895
"GET /collections/ HTTP/1.1" 200 24801
"GET /cart/view_cart/ HTTP/1.1" 200 13895
"GET /collections/ HTTP/1.1" 200 24762
"GET /static/css/collection_list.css HTTP/1.1" 200 1039
"GET /static/css/logged_out.css HTTP/1.1" 200 384
"GET /static/css/footer.css HTTP/1.1" 200 2685
"GET /static/css/mainPage.css HTTP/1.1" 200 12010
"GET /static/font-awesome/css/font-awesome.min.css HTTP/1.1" 200 31004
"GET /static/js/header.js HTTP/1.1" 200 308
"GET /static/css/collections_list.css HTTP/1.1" 200 937
"GET /static/js/jquery.js HTTP/1.1" 200 299461
"GET /static/js/ajax_search.js HTTP/1.1" 200 1381
"GET /static/js/ajax_cart.js HTTP/1.1" 200 1306
"GET /media/img/collections/ddlc.jpg HTTP/1.1" 200 47490
"GET /static/img/logo.jpg HTTP/1.1" 200 40755
"GET /media/img/collections/miku.jpg HTTP/1.1" 200 56534
"GET /media/img/collections/OMORI.jpg HTTP/1.1" 200 73567
"GET /media/img/collections/original.jpg HTTP/1.1" 200 68620
"GET /media/img/collections/hololive.png HTTP/1.1" 200 232168
"GET /media/img/collections/apparel.jpg HTTP/1.1" 200 81187
"GET /media/img/collections/shirts.jpg HTTP/1.1" 200 56716
"GET /media/img/collections/sweaters.jpg HTTP/1.1" 200 69122
"GET /media/img/collections/pins.jpg HTTP/1.1" 200 87865
"GET /media/img/collections/accessories.jpg HTTP/1.1" 200 79839
"GET /media/img/collections/Jackets.jpg HTTP/1.1" 200 60309
"GET /media/img/collections/stickers.jpg HTTP/1.1" 200 78422
"GET /media/img/collections/skate.jpg HTTP/1.1" 200 55427
"GET /static/img/search.svg HTTP/1.1" 200 220
"GET /media/img/collections/printed_matter.jpg HTTP/1.1" 200 63119
"GET /media/img/collections/books.jpg HTTP/1.1" 200 63965
"GET /media/img/collections/posters.jpg HTTP/1.1" 200 42388
"GET /static/img/search-button.svg HTTP/1.1" 200 220
"GET /media/img/collections/plushies.png HTTP/1.1" 200 275035
"GET /static/img/user.svg HTTP/1.1" 200 277
"GET /static/img/cancel.svg HTTP/1.1" 200 276
"GET /static/img/shopping-cart.svg HTTP/1.1" 200 617
"GET /static/font-awesome/fonts/fontawesome-webfont.woff2?v=4.7.0 HTTP/1.1" 200 77160
"GET /cart/view_cart/ HTTP/1.1" 302 0
Not Found: /accounts/login/
"GET /accounts/login/?next=/cart/view_cart/ HTTP/1.1" 404 5292
"GET /static/img/favicon.ico HTTP/1.1" 200 246846
"GET / HTTP/1.1" 200 14831
"GET /static/css/collections_list.css HTTP/1.1" 304 0
"GET /static/css/collection_list.css HTTP/1.1" 304 0
"GET /static/css/slider.css HTTP/1.1" 200 2204
"GET /static/js/slider.js HTTP/1.1" 200 1479
"GET /static/img/img-slider/omori_preorder_banner_2048x.webp HTTP/1.1" 200 342868
"GET /static/img/img-slider/omori_banner1_71c5059d-da1e-4e64-b7e2-bf14d1545962_2048x.webp HTTP/1.1" 200 394408
"GET /static/img/img-slider/plush_preorder_banner_2048x.webp HTTP/1.1" 200 268164
"GET /cart/view_cart/ HTTP/1.1" 302 0
Not Found: /accounts/login/
"GET /accounts/login/?next=/cart/view_cart/ HTTP/1.1" 404 5292
"GET /admin HTTP/1.1" 301 0
"GET /admin/ HTTP/1.1" 302 0
"GET /admin/login/?next=/admin/ HTTP/1.1" 200 2302
"GET /static/admin/css/nav_sidebar.css HTTP/1.1" 200 2616
"GET /static/admin/css/login.css HTTP/1.1" 200 954
"GET /static/admin/js/nav_sidebar.js HTTP/1.1" 200 3763
"GET /static/admin/css/responsive.css HTTP/1.1" 200 18575
"GET /static/admin/css/base.css HTTP/1.1" 200 19513
"GET /admin/ HTTP/1.1" 302 0
"GET /admin/login/?next=/admin/ HTTP/1.1" 200 2302
"GET /static/admin/css/fonts.css HTTP/1.1" 200 423
"GET /static/admin/fonts/Roboto-Regular-webfont.woff HTTP/1.1" 200 85876
"GET /static/admin/fonts/Roboto-Light-webfont.woff HTTP/1.1" 200 85692
"POST /admin/login/?next=/admin/ HTTP/1.1" 302 0
"GET /admin/ HTTP/1.1" 200 10724
"GET /static/admin/css/dashboard.css HTTP/1.1" 200 380
"GET /static/admin/img/icon-addlink.svg HTTP/1.1" 200 331
"GET /static/admin/img/icon-changelink.svg HTTP/1.1" 200 380
"GET /static/admin/img/icon-deletelink.svg HTTP/1.1" 200 392
"GET /static/admin/fonts/Roboto-Bold-webfont.woff HTTP/1.1" 200 86184
"GET /admin/shop/goods/ HTTP/1.1" 200 10173
"GET /static/admin/js/jquery.init.js HTTP/1.1" 200 347
"GET /static/admin/js/core.js HTTP/1.1" 200 5698
"GET /admin/jsi18n/ HTTP/1.1" 200 15618
"GET /static/admin/js/admin/RelatedObjectLookups.js HTTP/1.1" 200 5984
"GET /static/admin/js/vendor/jquery/jquery.js HTTP/1.1" 200 288580
"GET /static/admin/js/actions.js HTTP/1.1" 200 7872
"GET /static/admin/js/urlify.js HTTP/1.1" 200 7902
"GET /static/admin/js/prepopulate.js HTTP/1.1" 200 1531
"GET /static/admin/js/vendor/xregexp/xregexp.js HTTP/1.1" 200 232381
"GET /static/admin/css/changelists.css HTTP/1.1" 200 6932
"GET /static/admin/img/search.svg HTTP/1.1" 200 458
"GET /static/admin/img/tooltag-add.svg HTTP/1.1" 200 331
"GET /admin/shop/goods/add/ HTTP/1.1" 200 15951
"GET /static/admin/js/SelectFilter2.js HTTP/1.1" 200 12350
"GET /admin/jsi18n/ HTTP/1.1" 200 15618
"GET /static/admin/css/forms.css HTTP/1.1" 200 8878
"GET /static/admin/js/SelectBox.js HTTP/1.1" 200 4360
"GET /static/admin/js/prepopulate_init.js HTTP/1.1" 200 492
"GET /static/admin/css/widgets.css HTTP/1.1" 200 11097
"GET /static/admin/js/change_form.js HTTP/1.1" 200 606
"GET /static/admin/img/selector-icons.svg HTTP/1.1" 200 3291
"POST /admin/shop/goods/add/ HTTP/1.1" 302 0
"GET /admin/shop/goods/ HTTP/1.1" 200 13335
"GET /admin/jsi18n/ HTTP/1.1" 200 15618
"GET /static/admin/img/icon-yes.svg HTTP/1.1" 200 436
"GET /static/admin/img/icon-no.svg HTTP/1.1" 200 560
"GET /static/admin/img/sorting-icons.svg HTTP/1.1" 200 1097
"GET /collections/ HTTP/1.1" 200 24801
"GET /media/img/collections/OMORI.jpg HTTP/1.1" 304 0
"GET /media/img/collections/hololive.png HTTP/1.1" 304 0
"GET /media/img/collections/original.jpg HTTP/1.1" 304 0
"GET /media/img/collections/miku.jpg HTTP/1.1" 304 0
"GET /media/img/collections/ddlc.jpg HTTP/1.1" 304 0
"GET /media/img/collections/sweaters.jpg HTTP/1.1" 304 0
"GET /media/img/collections/shirts.jpg HTTP/1.1" 304 0
"GET /media/img/collections/apparel.jpg HTTP/1.1" 304 0
"GET /media/img/collections/Jackets.jpg HTTP/1.1" 304 0
"GET /media/img/collections/pins.jpg HTTP/1.1" 304 0
"GET /media/img/collections/accessories.jpg HTTP/1.1" 304 0
"GET /media/img/collections/stickers.jpg HTTP/1.1" 304 0
"GET /media/img/collections/books.jpg HTTP/1.1" 304 0
"GET /media/img/collections/skate.jpg HTTP/1.1" 304 0
"GET /media/img/collections/posters.jpg HTTP/1.1" 304 0
"GET /media/img/collections/plushies.png HTTP/1.1" 304 0
"GET /media/img/collections/printed_matter.jpg HTTP/1.1" 304 0
"GET /cart/view_cart/ HTTP/1.1" 200 13895
"GET /collections/omori HTTP/1.1" 301 0
"GET /collections/omori/ HTTP/1.1" 200 14953
"GET /media/photos/22-06-16/1_N3oq3QI.png HTTP/1.1" 200 1439464
"GET /cart/view_cart/ HTTP/1.1" 200 13895
"GET /collections/omori/product/mr-plantegg-plush/ HTTP/1.1" 200 17841
"GET /static/css/product.css HTTP/1.1" 200 3338
"GET /media/photos/22-06-16/1_N3oq3QI.png HTTP/1.1" 304 0
"GET /static/js/product.js HTTP/1.1" 304 0
"GET /cart/view_cart/ HTTP/1.1" 200 13895
"GET /collections/omori/product/mr-plantegg-plush/ HTTP/1.1" 200 17841
"GET /media/photos/22-06-16/1_N3oq3QI.png HTTP/1.1" 304 0
"GET /cart/view_cart/ HTTP/1.1" 200 13895
"GET / HTTP/1.1" 200 14870
"GET /cart/view_cart/ HTTP/1.1" 200 13895
"GET /collections HTTP/1.1" 301 0
"GET /collections/ HTTP/1.1" 200 24801
"GET /cart/view_cart/ HTTP/1.1" 200 13895
"GET /collections/omori/ HTTP/1.1" 200 14953
"GET /media/photos/22-06-16/1_N3oq3QI.png HTTP/1.1" 304 0
"GET /cart/view_cart/ HTTP/1.1" 200 13895
"GET /collections/omori/product/mr-plantegg-plush/ HTTP/1.1" 200 17841
"GET /media/photos/22-06-16/1_N3oq3QI.png HTTP/1.1" 304 0
"GET /cart/view_cart/ HTTP/1.1" 200 13895
"GET /collections/omori/product/mr-plantegg-plush/ HTTP/1.1" 200 18739
"GET /static/css/collections_list.css HTTP/1.1" 304 0
"GET /media/photos/22-06-16/1_N3oq3QI.png HTTP/1.1" 304 0
"GET /media/photos/22-06-16/2_2VRt8iX.png HTTP/1.1" 200 1260669
"GET /media/photos/22-06-16/3_V7DNNIj.png HTTP/1.1" 200 1870310
"GET /media/photos/22-06-16/4_4XhYbJN.png HTTP/1.1" 200 1333295
"GET /media/photos/22-06-16/5_N5CpZPB.png HTTP/1.1" 200 1571123
"GET /cart/view_cart/ HTTP/1.1" 200 13895
"GET /collections/ HTTP/1.1" 200 24801
"GET /cart/view_cart/ HTTP/1.1" 200 13895
"GET /collections/ HTTP/1.1" 200 24801
"GET /cart/view_cart/ HTTP/1.1" 200 13895
Watching for file changes with StatReloader
"GET /collections/ HTTP/1.1" 200 24762
"GET /static/js/header.js HTTP/1.1" 200 308
"GET /static/css/collection_list.css HTTP/1.1" 200 1039
"GET /static/css/collections_list.css HTTP/1.1" 200 978
"GET /static/css/mainPage.css HTTP/1.1" 200 12010
"GET /static/css/footer.css HTTP/1.1" 200 2685
"GET /static/css/logged_out.css HTTP/1.1" 200 384
"GET /static/font-awesome/css/font-awesome.min.css HTTP/1.1" 200 31004
"GET /static/js/jquery.js HTTP/1.1" 200 299461
"GET /static/js/ajax_search.js HTTP/1.1" 200 1381
"GET /static/js/ajax_cart.js HTTP/1.1" 200 1306
"GET /static/img/logo.jpg HTTP/1.1" 200 40755
"GET /media/img/collections/OMORI.jpg HTTP/1.1" 200 73567
"GET /media/img/collections/hololive.png HTTP/1.1" 200 232168
"GET /media/img/collections/shirts.jpg HTTP/1.1" 200 56716
"GET /media/img/collections/ddlc.jpg HTTP/1.1" 200 47490
"GET /media/img/collections/miku.jpg HTTP/1.1" 200 56534
"GET /media/img/collections/original.jpg HTTP/1.1" 200 68620
"GET /media/img/collections/apparel.jpg HTTP/1.1" 200 81187
"GET /media/img/collections/sweaters.jpg HTTP/1.1" 200 69122
"GET /media/img/collections/Jackets.jpg HTTP/1.1" 200 60309
"GET /media/img/collections/books.jpg HTTP/1.1" 200 63965
"GET /media/img/collections/pins.jpg HTTP/1.1" 200 87865
"GET /media/img/collections/skate.jpg HTTP/1.1" 200 55427
"GET /media/img/collections/stickers.jpg HTTP/1.1" 200 78422
"GET /media/img/collections/accessories.jpg HTTP/1.1" 200 79839
"GET /media/img/collections/posters.jpg HTTP/1.1" 200 42388
"GET /media/img/collections/printed_matter.jpg HTTP/1.1" 200 63119
"GET /media/img/collections/plushies.png HTTP/1.1" 200 275035
"GET /static/img/search.svg HTTP/1.1" 200 220
"GET /static/img/cancel.svg HTTP/1.1" 200 276
"GET /static/img/shopping-cart.svg HTTP/1.1" 200 617
"GET /static/img/user.svg HTTP/1.1" 200 277
"GET /static/img/search-button.svg HTTP/1.1" 200 220
"GET /static/font-awesome/fonts/fontawesome-webfont.woff2?v=4.7.0 HTTP/1.1" 200 77160
"GET /cart/view_cart/ HTTP/1.1" 302 0
Not Found: /accounts/login/
"GET /accounts/login/?next=/cart/view_cart/ HTTP/1.1" 404 5292
"GET /static/img/favicon.ico HTTP/1.1" 200 246846
"GET /collections/omori/ HTTP/1.1" 200 14914
"GET /media/photos/22-06-16/1_N3oq3QI.png HTTP/1.1" 200 1439464
"GET /cart/view_cart/ HTTP/1.1" 302 0
Not Found: /accounts/login/
"GET /accounts/login/?next=/cart/view_cart/ HTTP/1.1" 404 5292
"GET /admin/shop/goods/add/ HTTP/1.1" 302 0
"GET /admin/login/?next=/admin/shop/goods/add/ HTTP/1.1" 200 2332
"GET /static/admin/css/nav_sidebar.css HTTP/1.1" 200 2616
"GET /static/admin/css/base.css HTTP/1.1" 200 19513
"GET /static/admin/css/responsive.css HTTP/1.1" 200 18575
"GET /static/admin/css/login.css HTTP/1.1" 200 954
"GET /static/admin/css/fonts.css HTTP/1.1" 200 423
"GET /static/admin/js/nav_sidebar.js HTTP/1.1" 200 3763
"GET /static/admin/fonts/Roboto-Regular-webfont.woff HTTP/1.1" 200 85876
"GET /static/admin/fonts/Roboto-Light-webfont.woff HTTP/1.1" 200 85692
"POST /admin/login/?next=/admin/shop/goods/add/ HTTP/1.1" 302 0
"GET /admin/shop/goods/add/ HTTP/1.1" 200 15951
"GET /static/admin/js/jquery.init.js HTTP/1.1" 200 347
"GET /static/admin/css/forms.css HTTP/1.1" 200 8878
"GET /static/admin/js/core.js HTTP/1.1" 200 5698
"GET /static/admin/js/admin/RelatedObjectLookups.js HTTP/1.1" 200 5984
"GET /admin/jsi18n/ HTTP/1.1" 200 15618
"GET /static/admin/js/vendor/jquery/jquery.js HTTP/1.1" 200 288580
"GET /static/admin/js/SelectBox.js HTTP/1.1" 200 4360
"GET /static/admin/js/actions.js HTTP/1.1" 200 7872
"GET /static/admin/js/urlify.js HTTP/1.1" 200 7902
"GET /static/admin/js/SelectFilter2.js HTTP/1.1" 200 12350
"GET /static/admin/js/prepopulate.js HTTP/1.1" 200 1531
"GET /static/admin/js/vendor/xregexp/xregexp.js HTTP/1.1" 200 232381
"GET /static/admin/css/widgets.css HTTP/1.1" 200 11097
"GET /static/admin/js/prepopulate_init.js HTTP/1.1" 200 492
"GET /static/admin/img/icon-addlink.svg HTTP/1.1" 200 331
"GET /static/admin/js/change_form.js HTTP/1.1" 200 606
"GET /static/admin/fonts/Roboto-Bold-webfont.woff HTTP/1.1" 200 86184
"GET /static/admin/img/selector-icons.svg HTTP/1.1" 200 3291
"GET /static/admin/img/search.svg HTTP/1.1" 200 458
"GET /collections/omori/product/mr-plantegg-plush/ HTTP/1.1" 200 18739
"GET /static/css/collections_list.css HTTP/1.1" 304 0
"GET /static/css/product.css HTTP/1.1" 200 3338
"GET /static/js/product.js HTTP/1.1" 200 408
"GET /media/photos/22-06-16/1_N3oq3QI.png HTTP/1.1" 304 0
"GET /media/photos/22-06-16/2_2VRt8iX.png HTTP/1.1" 200 1260669
"GET /media/photos/22-06-16/4_4XhYbJN.png HTTP/1.1" 200 1333295
"GET /media/photos/22-06-16/5_N5CpZPB.png HTTP/1.1" 200 1571123
"GET /media/photos/22-06-16/3_V7DNNIj.png HTTP/1.1" 200 1870310
"GET /cart/view_cart/ HTTP/1.1" 200 13895
"GET /collections/omori/product/mr-plantegg-plush/ HTTP/1.1" 200 18679
"GET /static/css/collections_list.css HTTP/1.1" 304 0
"GET /media/photos/22-06-16/1_N3oq3QI.png HTTP/1.1" 304 0
"GET /media/photos/22-06-16/2_2VRt8iX.png HTTP/1.1" 304 0
"GET /media/photos/22-06-16/4_4XhYbJN.png HTTP/1.1" 304 0
"GET /media/photos/22-06-16/5_N5CpZPB.png HTTP/1.1" 304 0
"GET /media/photos/22-06-16/3_V7DNNIj.png HTTP/1.1" 304 0
"GET /cart/view_cart/ HTTP/1.1" 200 13895
"GET /collections/omori/product/mr-plantegg-plush/ HTTP/1.1" 200 18757
"GET /static/css/collections_list.css HTTP/1.1" 304 0
"GET /cart/view_cart/ HTTP/1.1" 200 13895
"GET /collections/omori/product/mr-plantegg-plush/ HTTP/1.1" 200 18706
"GET /static/css/collections_list.css HTTP/1.1" 304 0
"GET /media/photos/22-06-16/1_N3oq3QI.png HTTP/1.1" 304 0
"GET /media/photos/22-06-16/2_2VRt8iX.png HTTP/1.1" 304 0
"GET /media/photos/22-06-16/3_V7DNNIj.png HTTP/1.1" 304 0
"GET /media/photos/22-06-16/4_4XhYbJN.png HTTP/1.1" 304 0
"GET /media/photos/22-06-16/5_N5CpZPB.png HTTP/1.1" 304 0
"GET /cart/view_cart/ HTTP/1.1" 200 13895
"GET /static/img/user-hover.svg HTTP/1.1" 304 0
"GET /account/profile/ HTTP/1.1" 200 14609
"GET /static/css/collections_list.css HTTP/1.1" 304 0
"GET /static/css/collection_list.css HTTP/1.1" 304 0
"GET /static/css/profile.css HTTP/1.1" 304 0
"GET /cart/view_cart/ HTTP/1.1" 200 13895
"GET / HTTP/1.1" 200 14870
"GET /static/css/slider.css HTTP/1.1" 200 2204
"GET /static/js/slider.js HTTP/1.1" 200 1479
"GET /static/img/img-slider/omori_banner1_71c5059d-da1e-4e64-b7e2-bf14d1545962_2048x.webp HTTP/1.1" 200 394408
"GET /static/img/img-slider/plush_preorder_banner_2048x.webp HTTP/1.1" 200 268164
"GET /static/img/img-slider/omori_preorder_banner_2048x.webp HTTP/1.1" 200 342868
"GET /cart/view_cart/ HTTP/1.1" 200 13895
"GET /collections/omori HTTP/1.1" 301 0
"GET /collections/omori/ HTTP/1.1" 200 14953
"GET /media/photos/22-06-16/1_N3oq3QI.png HTTP/1.1" 304 0
"GET /cart/view_cart/ HTTP/1.1" 200 13895
"GET /collections/omori/product/mr-plantegg-plush/ HTTP/1.1" 200 18706
"GET /media/photos/22-06-16/2_2VRt8iX.png HTTP/1.1" 304 0
"GET /media/photos/22-06-16/3_V7DNNIj.png HTTP/1.1" 304 0
"GET /media/photos/22-06-16/4_4XhYbJN.png HTTP/1.1" 304 0
"GET /media/photos/22-06-16/5_N5CpZPB.png HTTP/1.1" 304 0
"GET /cart/view_cart/ HTTP/1.1" 200 13895
"GET /collections/omori/product/mr-plantegg-plush/ HTTP/1.1" 200 18724
"GET /cart/view_cart/ HTTP/1.1" 200 13895
Watching for file changes with StatReloader
"GET /collections/omori/product/mr-plantegg-plush/ HTTP/1.1" 200 18742
"GET /static/js/header.js HTTP/1.1" 200 308
"GET /static/font-awesome/css/font-awesome.min.css HTTP/1.1" 200 31004
"GET /static/css/product.css HTTP/1.1" 200 3338
"GET /static/css/collections_list.css HTTP/1.1" 200 978
"GET /static/css/collection_list.css HTTP/1.1" 200 1039
"GET /static/css/mainPage.css HTTP/1.1" 200 12010
"GET /static/css/footer.css HTTP/1.1" 200 2685
"GET /static/css/logged_out.css HTTP/1.1" 200 384
"GET /static/js/jquery.js HTTP/1.1" 200 299461
"GET /static/js/product.js HTTP/1.1" 200 408
"GET /static/js/ajax_cart.js HTTP/1.1" 200 1306
"GET /static/js/ajax_search.js HTTP/1.1" 200 1381
"GET /static/img/logo.jpg HTTP/1.1" 200 40755
"GET /static/img/search.svg HTTP/1.1" 200 220
"GET /static/img/search-button.svg HTTP/1.1" 200 220
"GET /media/photos/22-06-16/2_2VRt8iX.png HTTP/1.1" 200 1260669
"GET /static/img/cancel.svg HTTP/1.1" 200 276
"GET /static/img/user.svg HTTP/1.1" 200 277
"GET /static/img/shopping-cart.svg HTTP/1.1" 200 617
"GET /media/photos/22-06-16/1_N3oq3QI.png HTTP/1.1" 200 1439464
"GET /media/photos/22-06-16/4_4XhYbJN.png HTTP/1.1" 200 1333295
"GET /media/photos/22-06-16/5_N5CpZPB.png HTTP/1.1" 200 1571123
"GET /media/photos/22-06-16/3_V7DNNIj.png HTTP/1.1" 200 1870310
"GET /static/font-awesome/fonts/fontawesome-webfont.woff2?v=4.7.0 HTTP/1.1" 200 77160
"GET /cart/view_cart/ HTTP/1.1" 302 0
"GET /static/img/favicon.ico HTTP/1.1" 200 246846
Not Found: /accounts/login/
"GET /accounts/login/?next=/cart/view_cart/ HTTP/1.1" 404 5292
"GET /static/img/user-hover.svg HTTP/1.1" 200 277
"GET /account/login/ HTTP/1.1" 200 14843
"GET /static/css/login.css HTTP/1.1" 304 0
"GET /cart/view_cart/ HTTP/1.1" 302 0
Not Found: /accounts/login/
"GET /accounts/login/?next=/cart/view_cart/ HTTP/1.1" 404 5292
"POST /account/login/ HTTP/1.1" 302 0
"GET / HTTP/1.1" 200 14870
"GET /static/css/slider.css HTTP/1.1" 200 2204
"GET /static/js/slider.js HTTP/1.1" 200 1479
"GET /static/img/img-slider/omori_banner1_71c5059d-da1e-4e64-b7e2-bf14d1545962_2048x.webp HTTP/1.1" 200 394408
"GET /static/img/img-slider/plush_preorder_banner_2048x.webp HTTP/1.1" 200 268164
"GET /static/img/img-slider/omori_preorder_banner_2048x.webp HTTP/1.1" 200 342868
"GET /cart/view_cart/ HTTP/1.1" 200 13895
"GET /collections/omori HTTP/1.1" 301 0
"GET /collections/omori/ HTTP/1.1" 200 14953
"GET /cart/view_cart/ HTTP/1.1" 200 13895
"GET /collections/omori/product/mr-plantegg-plush/ HTTP/1.1" 200 18724
"GET /cart/view_cart/ HTTP/1.1" 200 13895
"GET /admin/ HTTP/1.1" 200 10719
"GET /static/admin/css/nav_sidebar.css HTTP/1.1" 200 2616
"GET /static/admin/css/dashboard.css HTTP/1.1" 200 380
"GET /static/admin/css/base.css HTTP/1.1" 200 19513
"GET /static/admin/css/responsive.css HTTP/1.1" 200 18575
"GET /static/admin/css/fonts.css HTTP/1.1" 200 423
"GET /static/admin/js/nav_sidebar.js HTTP/1.1" 200 3763
"GET /static/admin/img/icon-addlink.svg HTTP/1.1" 200 331
"GET /static/admin/img/icon-changelink.svg HTTP/1.1" 200 380
"GET /static/admin/fonts/Roboto-Light-webfont.woff HTTP/1.1" 200 85692
"GET /static/admin/fonts/Roboto-Regular-webfont.woff HTTP/1.1" 200 85876
"GET /static/admin/fonts/Roboto-Bold-webfont.woff HTTP/1.1" 200 86184
"GET /static/admin/img/icon-deletelink.svg HTTP/1.1" 200 392
"GET / HTTP/1.1" 200 14831
"GET /static/css/collections_list.css HTTP/1.1" 200 978
"GET /static/css/footer.css HTTP/1.1" 200 2685
"GET /static/js/header.js HTTP/1.1" 200 308
"GET /static/css/collection_list.css HTTP/1.1" 200 1039
"GET /static/css/logged_out.css HTTP/1.1" 200 384
"GET /static/css/mainPage.css HTTP/1.1" 200 12010
"GET /static/css/slider.css HTTP/1.1" 200 2204
"GET /static/font-awesome/css/font-awesome.min.css HTTP/1.1" 200 31004
"GET /static/js/jquery.js HTTP/1.1" 200 299461
"GET /static/js/slider.js HTTP/1.1" 200 1479
"GET /static/js/ajax_search.js HTTP/1.1" 200 1381
"GET /static/js/ajax_cart.js HTTP/1.1" 200 1306
"GET /static/img/search.svg HTTP/1.1" 200 220
"GET /static/img/logo.jpg HTTP/1.1" 200 40755
"GET /static/img/img-slider/omori_preorder_banner_2048x.webp HTTP/1.1" 200 342868
"GET /static/img/img-slider/plush_preorder_banner_2048x.webp HTTP/1.1" 200 268164
"GET /static/img/img-slider/omori_banner1_71c5059d-da1e-4e64-b7e2-bf14d1545962_2048x.webp HTTP/1.1" 200 394408
"GET /static/img/user.svg HTTP/1.1" 200 277
"GET /static/img/search-button.svg HTTP/1.1" 200 220
"GET /static/img/cancel.svg HTTP/1.1" 200 276
"GET /static/img/shopping-cart.svg HTTP/1.1" 200 617
"GET /static/font-awesome/fonts/fontawesome-webfont.woff2?v=4.7.0 HTTP/1.1" 200 77160
"GET /cart/view_cart/ HTTP/1.1" 302 0
Not Found: /accounts/login/
"GET /accounts/login/?next=/cart/view_cart/ HTTP/1.1" 404 5292
"GET /static/img/favicon.ico HTTP/1.1" 200 246846
"GET /collections/omori HTTP/1.1" 301 0
"GET /collections/omori/ HTTP/1.1" 200 14914
"GET /media/photos/22-06-16/1_N3oq3QI.png HTTP/1.1" 200 1439464
"GET /cart/view_cart/ HTTP/1.1" 302 0
Not Found: /accounts/login/
"GET /accounts/login/?next=/cart/view_cart/ HTTP/1.1" 404 5292
"GET /collections/omori/product/mr-plantegg-plush/ HTTP/1.1" 200 18742
"GET /static/css/product.css HTTP/1.1" 200 3338
"GET /static/js/product.js HTTP/1.1" 200 408
"GET /media/photos/22-06-16/2_2VRt8iX.png HTTP/1.1" 200 1260669
"GET /media/photos/22-06-16/4_4XhYbJN.png HTTP/1.1" 200 1333295
"GET /media/photos/22-06-16/5_N5CpZPB.png HTTP/1.1" 200 1571123
"GET /media/photos/22-06-16/3_V7DNNIj.png HTTP/1.1" 200 1870310
"GET /cart/view_cart/ HTTP/1.1" 302 0
Not Found: /accounts/login/
"GET /accounts/login/?next=/cart/view_cart/ HTTP/1.1" 404 5292
"GET /collections/omori/product/mr-plantegg-plush/ HTTP/1.1" 200 18727
"GET /static/css/collections_list.css HTTP/1.1" 304 0
"GET /media/photos/22-06-16/1_N3oq3QI.png HTTP/1.1" 304 0
"GET /media/photos/22-06-16/2_2VRt8iX.png HTTP/1.1" 304 0
"GET /media/photos/22-06-16/5_N5CpZPB.png HTTP/1.1" 304 0
"GET /media/photos/22-06-16/3_V7DNNIj.png HTTP/1.1" 304 0
"GET /media/photos/22-06-16/4_4XhYbJN.png HTTP/1.1" 304 0
"GET /cart/view_cart/ HTTP/1.1" 200 13895
Forbidden (CSRF token from POST incorrect.): /admin/shop/goods/add/
"POST /admin/shop/goods/add/ HTTP/1.1" 403 2560
Forbidden (CSRF token from POST incorrect.): /admin/shop/goods/add/
"POST /admin/shop/goods/add/ HTTP/1.1" 403 2560
"GET /admin/shop/goods/add/ HTTP/1.1" 200 15951
"GET /static/admin/css/forms.css HTTP/1.1" 200 8878
"GET /static/admin/js/admin/RelatedObjectLookups.js HTTP/1.1" 200 5984
"GET /static/admin/js/jquery.init.js HTTP/1.1" 200 347
"GET /static/admin/js/core.js HTTP/1.1" 200 5698
"GET /admin/jsi18n/ HTTP/1.1" 200 15618
"GET /static/admin/js/SelectBox.js HTTP/1.1" 200 4360
"GET /static/admin/js/actions.js HTTP/1.1" 200 7872
"GET /static/admin/js/urlify.js HTTP/1.1" 200 7902
"GET /static/admin/js/SelectFilter2.js HTTP/1.1" 200 12350
"GET /static/admin/js/prepopulate.js HTTP/1.1" 200 1531
"GET /static/admin/js/vendor/jquery/jquery.js HTTP/1.1" 200 288580
"GET /static/admin/js/vendor/xregexp/xregexp.js HTTP/1.1" 200 232381
"GET /static/admin/css/widgets.css HTTP/1.1" 200 11097
"GET /static/admin/js/prepopulate_init.js HTTP/1.1" 200 492
"GET /static/admin/js/change_form.js HTTP/1.1" 200 606
"GET /static/admin/img/selector-icons.svg HTTP/1.1" 200 3291
"GET /static/admin/img/search.svg HTTP/1.1" 200 458
"GET /admin/shop/goods/ HTTP/1.1" 200 13116
"GET /static/admin/css/changelists.css HTTP/1.1" 200 6932
"GET /admin/jsi18n/ HTTP/1.1" 200 15618
"GET /static/admin/img/icon-yes.svg HTTP/1.1" 200 436
"GET /static/admin/img/icon-no.svg HTTP/1.1" 200 560
"GET /static/admin/img/tooltag-add.svg HTTP/1.1" 200 331
"GET /static/admin/img/sorting-icons.svg HTTP/1.1" 200 1097
"GET /admin/shop/goods/add/ HTTP/1.1" 200 15951
"GET /admin/jsi18n/ HTTP/1.1" 200 15618
"POST /admin/shop/goods/add/ HTTP/1.1" 302 0
"GET /admin/shop/goods/ HTTP/1.1" 200 14083
"GET /admin/jsi18n/ HTTP/1.1" 200 15618
"GET /admin/shop/goods/add/ HTTP/1.1" 200 15951
"GET /admin/jsi18n/ HTTP/1.1" 200 15618
C:\Users\yauro\UWUDEAD_Shop\shop\models.py changed, reloading.
Watching for file changes with StatReloader
"POST /admin/shop/goods/add/ HTTP/1.1" 302 0
"GET /admin/shop/goods/ HTTP/1.1" 200 14605
"GET /admin/jsi18n/ HTTP/1.1" 200 15618
"GET /collections/omori/ HTTP/1.1" 200 16692
"GET /static/css/collections_list.css HTTP/1.1" 304 0
"GET /media/photos/22-06-16/1_N3oq3QI.png HTTP/1.1" 304 0
"GET /media/photos/22-06-16/1.jpg HTTP/1.1" 200 361296
"GET /media/photos/22-06-16/1_N1CR8rc.png HTTP/1.1" 200 701567
"GET /cart/view_cart/ HTTP/1.1" 200 13895
"GET /collections/omori/product/red-hands-hoodie/ HTTP/1.1" 200 19311
"GET /media/photos/22-06-16/1.jpg HTTP/1.1" 304 0
"GET /media/photos/22-06-16/5.jpg HTTP/1.1" 200 291926
"GET /media/photos/22-06-16/3.jpg HTTP/1.1" 200 274776
"GET /media/photos/22-06-16/4.jpg HTTP/1.1" 200 263869
"GET /media/photos/22-06-16/2.jpg HTTP/1.1" 200 316975
"GET /cart/view_cart/ HTTP/1.1" 200 13895
"GET /collections/omori/product/red-hands-hoodie/ HTTP/1.1" 200 19513
"GET /media/photos/22-06-16/1.jpg HTTP/1.1" 304 0
"GET /media/photos/22-06-16/2.jpg HTTP/1.1" 304 0
"GET /media/photos/22-06-16/3.jpg HTTP/1.1" 304 0
"GET /media/photos/22-06-16/5.jpg HTTP/1.1" 304 0
"GET /media/photos/22-06-16/4.jpg HTTP/1.1" 304 0
"GET /cart/view_cart/ HTTP/1.1" 200 13895
"GET /admin/shop/goods/add/ HTTP/1.1" 200 15925
"GET /admin/jsi18n/ HTTP/1.1" 200 15618
"POST /admin/shop/goods/add/ HTTP/1.1" 302 0
"GET /admin/shop/goods/ HTTP/1.1" 200 15128
"GET /admin/jsi18n/ HTTP/1.1" 200 15618
"GET /admin/shop/goods/add/ HTTP/1.1" 200 15925
"GET /admin/jsi18n/ HTTP/1.1" 200 15618
"POST /admin/shop/goods/add/ HTTP/1.1" 302 0
"GET /admin/shop/goods/ HTTP/1.1" 200 15657
"GET /admin/jsi18n/ HTTP/1.1" 200 15618
"GET /admin/shop/goods/add/ HTTP/1.1" 200 15925
"GET /admin/jsi18n/ HTTP/1.1" 200 15618
"POST /admin/shop/goods/add/ HTTP/1.1" 302 0
"GET /admin/shop/goods/ HTTP/1.1" 200 16173
"GET /admin/jsi18n/ HTTP/1.1" 200 15618
"GET /admin/shop/goods/add/ HTTP/1.1" 200 15925
"GET /admin/jsi18n/ HTTP/1.1" 200 15618
"POST /admin/shop/goods/add/ HTTP/1.1" 302 0
"GET /admin/shop/goods/ HTTP/1.1" 200 16708
"GET /admin/jsi18n/ HTTP/1.1" 200 15618
"GET / HTTP/1.1" 200 14870
"GET /static/css/collections_list.css HTTP/1.1" 304 0
"GET /static/css/collection_list.css HTTP/1.1" 304 0
"GET /static/css/slider.css HTTP/1.1" 200 2204
"GET /static/js/slider.js HTTP/1.1" 200 1479
"GET /static/img/img-slider/omori_banner1_71c5059d-da1e-4e64-b7e2-bf14d1545962_2048x.webp HTTP/1.1" 200 394408
"GET /static/img/img-slider/omori_preorder_banner_2048x.webp HTTP/1.1" 200 342868
"GET /static/img/img-slider/plush_preorder_banner_2048x.webp HTTP/1.1" 200 268164
"GET /cart/view_cart/ HTTP/1.1" 200 13895
"GET /collections HTTP/1.1" 301 0
"GET /collections/ HTTP/1.1" 200 24801
"GET /media/img/collections/OMORI.jpg HTTP/1.1" 200 73567
"GET /media/img/collections/hololive.png HTTP/1.1" 200 232168
"GET /media/img/collections/ddlc.jpg HTTP/1.1" 200 47490
"GET /media/img/collections/apparel.jpg HTTP/1.1" 200 81187
"GET /media/img/collections/shirts.jpg HTTP/1.1" 200 56716
"GET /media/img/collections/miku.jpg HTTP/1.1" 200 56534
"GET /media/img/collections/original.jpg HTTP/1.1" 200 68620
"GET /media/img/collections/sweaters.jpg HTTP/1.1" 200 69122
"GET /media/img/collections/Jackets.jpg HTTP/1.1" 200 60309
"GET /media/img/collections/skate.jpg HTTP/1.1" 200 55427
"GET /media/img/collections/stickers.jpg HTTP/1.1" 200 78422
"GET /media/img/collections/accessories.jpg HTTP/1.1" 200 79839
"GET /media/img/collections/books.jpg HTTP/1.1" 200 63965
"GET /media/img/collections/posters.jpg HTTP/1.1" 200 42388
"GET /media/img/collections/pins.jpg HTTP/1.1" 200 87865
"GET /media/img/collections/printed_matter.jpg HTTP/1.1" 200 63119
"GET /media/img/collections/plushies.png HTTP/1.1" 200 275035
"GET /cart/view_cart/ HTTP/1.1" 200 13895
"GET /collections/omori/ HTTP/1.1" 200 20194
"GET /media/photos/22-06-16/1_N3oq3QI.png HTTP/1.1" 304 0
"GET /media/photos/22-06-16/1.jpg HTTP/1.1" 304 0
"GET /media/photos/22-06-16/1_N1CR8rc.png HTTP/1.1" 200 701567
"GET /media/photos/22-06-16/1_v4HoVll.jpg HTTP/1.1" 200 157896
"GET /media/photos/22-06-16/1_eeFF65S.jpg HTTP/1.1" 200 278042
"GET /media/photos/22-06-16/1_gTvpg3M.jpg HTTP/1.1" 200 407414
"GET /media/photos/22-06-16/1_frfZqlv.jpg HTTP/1.1" 200 208897
"GET /cart/view_cart/ HTTP/1.1" 200 13895
"GET /admin/shop/goods/add/ HTTP/1.1" 200 15925
"GET /admin/jsi18n/ HTTP/1.1" 200 15618
"POST /admin/shop/goods/add/ HTTP/1.1" 302 0
"GET /admin/shop/goods/ HTTP/1.1" 200 17238
"GET /admin/jsi18n/ HTTP/1.1" 200 15618
"GET /admin/shop/goods/add/ HTTP/1.1" 200 15925
"GET /admin/jsi18n/ HTTP/1.1" 200 15618
"POST /admin/shop/goods/add/ HTTP/1.1" 302 0
"GET /admin/shop/goods/ HTTP/1.1" 200 17779
"GET /admin/jsi18n/ HTTP/1.1" 200 15618
"GET /admin/shop/goods/add/ HTTP/1.1" 200 15925
"GET /admin/jsi18n/ HTTP/1.1" 200 15618
"POST /admin/shop/goods/add/ HTTP/1.1" 302 0
"GET /admin/shop/goods/ HTTP/1.1" 200 18436
"GET /admin/jsi18n/ HTTP/1.1" 200 15618
"GET /admin/shop/goods/add/ HTTP/1.1" 200 15925
"GET /admin/jsi18n/ HTTP/1.1" 200 15618
"POST /admin/shop/goods/add/ HTTP/1.1" 302 0
"GET /admin/shop/goods/ HTTP/1.1" 200 19182
"GET /admin/jsi18n/ HTTP/1.1" 200 15618
"GET /collections/omori/ HTTP/1.1" 200 23750
"GET /static/css/collections_list.css HTTP/1.1" 304 0
"GET /media/photos/22-06-16/1_N3oq3QI.png HTTP/1.1" 304 0
"GET /media/photos/22-06-16/1_N1CR8rc.png HTTP/1.1" 304 0
"GET /media/photos/22-06-16/1_v4HoVll.jpg HTTP/1.1" 304 0
"GET /media/photos/22-06-16/1.jpg HTTP/1.1" 304 0
"GET /media/photos/22-06-16/1_eeFF65S.jpg HTTP/1.1" 304 0
"GET /media/photos/22-06-16/1_gTvpg3M.jpg HTTP/1.1" 304 0
"GET /media/photos/22-06-16/1_frfZqlv.jpg HTTP/1.1" 304 0
"GET /media/photos/22-06-16/1_59JkmQK.jpg HTTP/1.1" 200 46094
"GET /media/photos/22-06-16/1_0rTda2K.jpg HTTP/1.1" 200 148574
"GET /media/photos/22-06-16/1_lfGYgvb.jpg HTTP/1.1" 200 419858
"GET /media/photos/22-06-16/1_A6zT5JI.jpg HTTP/1.1" 200 850456
"GET /cart/view_cart/ HTTP/1.1" 200 13895
"GET /collections/omori/product/red-hands-hoodie/ HTTP/1.1" 200 19513
"GET /static/css/product.css HTTP/1.1" 304 0
"GET /media/photos/22-06-16/2.jpg HTTP/1.1" 304 0
"GET /media/photos/22-06-16/5.jpg HTTP/1.1" 304 0
"GET /media/photos/22-06-16/3.jpg HTTP/1.1" 304 0
"GET /media/photos/22-06-16/4.jpg HTTP/1.1" 304 0
"GET /cart/view_cart/ HTTP/1.1" 200 13895
"GET /cart/view_cart/ HTTP/1.1" 200 13895
"GET /collections/omori/product/omori-friends-acrylic-keychain/ HTTP/1.1" 200 18096
"GET /media/photos/22-06-16/1_0rTda2K.jpg HTTP/1.1" 304 0
"GET /media/photos/22-06-16/2_bipyQ7W.jpg HTTP/1.1" 200 152555
"GET /cart/view_cart/ HTTP/1.1" 200 13895
"GET /cart/view_cart/ HTTP/1.1" 200 13895
"GET /admin/shop/goods/add/ HTTP/1.1" 200 15925
"GET /admin/jsi18n/ HTTP/1.1" 200 15618
"POST /admin/shop/goods/add/ HTTP/1.1" 302 0
"GET /admin/shop/goods/ HTTP/1.1" 200 19839
"GET /admin/jsi18n/ HTTP/1.1" 200 15618
"GET /admin/shop/goods/add/ HTTP/1.1" 200 15925
"GET /admin/jsi18n/ HTTP/1.1" 200 15618
"POST /admin/shop/goods/add/ HTTP/1.1" 302 0
"GET /admin/shop/goods/ HTTP/1.1" 200 20415
"GET /admin/jsi18n/ HTTP/1.1" 200 15618
"GET /admin/shop/goods/add/ HTTP/1.1" 200 15925
"GET /admin/jsi18n/ HTTP/1.1" 200 15618
"POST /admin/shop/goods/add/ HTTP/1.1" 302 0
"GET /admin/shop/goods/ HTTP/1.1" 200 21036
"GET /admin/jsi18n/ HTTP/1.1" 200 15618
"GET /admin/shop/goods/add/ HTTP/1.1" 200 15925
"GET /admin/jsi18n/ HTTP/1.1" 200 15618
"POST /admin/shop/goods/add/ HTTP/1.1" 302 0
"GET /admin/shop/goods/ HTTP/1.1" 200 21726
"GET /admin/jsi18n/ HTTP/1.1" 200 15618
"GET /collections/omori/ HTTP/1.1" 200 27323
"GET /static/css/collections_list.css HTTP/1.1" 304 0
"GET /static/css/collection_list.css HTTP/1.1" 304 0
"GET /media/photos/22-06-16/1_N3oq3QI.png HTTP/1.1" 304 0
"GET /media/photos/22-06-16/1_N1CR8rc.png HTTP/1.1" 304 0
"GET /media/photos/22-06-16/1.jpg HTTP/1.1" 304 0
"GET /media/photos/22-06-16/1_v4HoVll.jpg HTTP/1.1" 304 0
"GET /media/photos/22-06-16/1_eeFF65S.jpg HTTP/1.1" 304 0
"GET /media/photos/22-06-16/1_frfZqlv.jpg HTTP/1.1" 304 0
"GET /media/photos/22-06-16/1_A6zT5JI.jpg HTTP/1.1" 304 0
"GET /media/photos/22-06-16/1_gTvpg3M.jpg HTTP/1.1" 304 0
"GET /media/photos/22-06-16/1_lfGYgvb.jpg HTTP/1.1" 304 0
"GET /media/photos/22-06-16/1_0rTda2K.jpg HTTP/1.1" 304 0
"GET /media/photos/22-06-16/1_59JkmQK.jpg HTTP/1.1" 304 0
"GET /media/photos/22-06-16/1_TYbVizt.jpg HTTP/1.1" 200 188229
"GET /media/photos/22-06-16/1_BvbyvhT.jpg HTTP/1.1" 200 222516
"GET /media/photos/22-06-16/1_YqPSbjl.jpg HTTP/1.1" 200 248344
"GET /media/photos/22-06-16/1_WL8M1cn.jpg HTTP/1.1" 200 466521
"GET /cart/view_cart/ HTTP/1.1" 200 13895
"GET /collections/plushies HTTP/1.1" 301 0
"GET /collections/plushies/ HTTP/1.1" 200 15846
"GET /cart/view_cart/ HTTP/1.1" 200 13895
"GET /collections/pins HTTP/1.1" 301 0
"GET /collections/pins/ HTTP/1.1" 200 15824
"GET /cart/view_cart/ HTTP/1.1" 200 13895
"GET /collections/hats HTTP/1.1" 301 0
Internal Server Error: /collections/hats/
Traceback (most recent call last):
  File "C:\Users\yauro\UWUDEAD_Shop\venv\lib\site-packages\django\core\handlers\exception.py", line 55, in inner
    response = get_response(request)
  File "C:\Users\yauro\UWUDEAD_Shop\venv\lib\site-packages\django\core\handlers\base.py", line 197, in _get_response
    response = wrapped_callback(request, *callback_args, **callback_kwargs)
  File "C:\Users\yauro\UWUDEAD_Shop\venv\lib\site-packages\django\views\generic\base.py", line 84, in view
    return self.dispatch(request, *args, **kwargs)
  File "C:\Users\yauro\UWUDEAD_Shop\venv\lib\site-packages\django\views\generic\base.py", line 119, in dispatch
    return handler(request, *args, **kwargs)
  File "C:\Users\yauro\UWUDEAD_Shop\venv\lib\site-packages\django\views\generic\list.py", line 174, in get
    context = self.get_context_data()
  File "C:\Users\yauro\UWUDEAD_Shop\shop\views.py", line 33, in get_context_data
    'collection': Collections.objects.get(slug=self.kwargs['collection_slug']),
  File "C:\Users\yauro\UWUDEAD_Shop\venv\lib\site-packages\django\db\models\manager.py", line 85, in manager_method
    return getattr(self.get_queryset(), name)(*args, **kwargs)
  File "C:\Users\yauro\UWUDEAD_Shop\venv\lib\site-packages\django\db\models\query.py", line 496, in get
    raise self.model.DoesNotExist(
shop.models.Collections.DoesNotExist: Collections matching query does not exist.
"GET /collections/hats/ HTTP/1.1" 500 91296
"GET /cart/view_cart/ HTTP/1.1" 200 13895
"GET /collections/books HTTP/1.1" 301 0
"GET /collections/books/ HTTP/1.1" 200 14107
"GET /cart/view_cart/ HTTP/1.1" 200 13895
"GET /collections/posters-prints HTTP/1.1" 301 0
"GET /collections/posters-prints/ HTTP/1.1" 200 15921
"GET /media/photos/22-06-16/1_YqPSbjl.jpg HTTP/1.1" 304 0
"GET /media/photos/22-06-16/1_BvbyvhT.jpg HTTP/1.1" 304 0
"GET /cart/view_cart/ HTTP/1.1" 200 13895
"GET /collections HTTP/1.1" 301 0
"GET /collections/ HTTP/1.1" 200 24801
"GET /media/img/collections/OMORI.jpg HTTP/1.1" 200 73567
"GET /media/img/collections/hololive.png HTTP/1.1" 200 232168
"GET /media/img/collections/ddlc.jpg HTTP/1.1" 200 47490
"GET /media/img/collections/miku.jpg HTTP/1.1" 200 56534
"GET /media/img/collections/shirts.jpg HTTP/1.1" 200 56716
"GET /media/img/collections/sweaters.jpg HTTP/1.1" 200 69122
"GET /media/img/collections/apparel.jpg HTTP/1.1" 200 81187
"GET /media/img/collections/original.jpg HTTP/1.1" 200 68620
"GET /media/img/collections/Jackets.jpg HTTP/1.1" 200 60309
"GET /media/img/collections/skate.jpg HTTP/1.1" 200 55427
"GET /media/img/collections/stickers.jpg HTTP/1.1" 200 78422
"GET /media/img/collections/books.jpg HTTP/1.1" 200 63965
"GET /media/img/collections/pins.jpg HTTP/1.1" 200 87865
"GET /media/img/collections/accessories.jpg HTTP/1.1" 200 79839
"GET /media/img/collections/posters.jpg HTTP/1.1" 200 42388
"GET /media/img/collections/printed_matter.jpg HTTP/1.1" 200 63119
"GET /media/img/collections/plushies.png HTTP/1.1" 200 275035
"GET /cart/view_cart/ HTTP/1.1" 200 13895
"GET /collections/hololive-en HTTP/1.1" 301 0
"GET /collections/hololive-en/ HTTP/1.1" 200 14089
"GET /cart/view_cart/ HTTP/1.1" 200 13895
"GET /collections/omori/ HTTP/1.1" 200 27323
"GET /media/photos/22-06-16/1_N1CR8rc.png HTTP/1.1" 304 0
"GET /media/photos/22-06-16/1_eeFF65S.jpg HTTP/1.1" 304 0
"GET /media/photos/22-06-16/1.jpg HTTP/1.1" 304 0
"GET /media/photos/22-06-16/1_gTvpg3M.jpg HTTP/1.1" 304 0
"GET /media/photos/22-06-16/1_v4HoVll.jpg HTTP/1.1" 304 0
"GET /media/photos/22-06-16/1_frfZqlv.jpg HTTP/1.1" 304 0
"GET /media/photos/22-06-16/1_A6zT5JI.jpg HTTP/1.1" 304 0
"GET /media/photos/22-06-16/1_lfGYgvb.jpg HTTP/1.1" 304 0
"GET /media/photos/22-06-16/1_0rTda2K.jpg HTTP/1.1" 304 0
"GET /media/photos/22-06-16/1_59JkmQK.jpg HTTP/1.1" 304 0
"GET /media/photos/22-06-16/1_TYbVizt.jpg HTTP/1.1" 304 0
"GET /media/photos/22-06-16/1_YqPSbjl.jpg HTTP/1.1" 304 0
"GET /media/photos/22-06-16/1_BvbyvhT.jpg HTTP/1.1" 304 0
"GET /media/photos/22-06-16/1_WL8M1cn.jpg HTTP/1.1" 304 0
"GET /cart/view_cart/ HTTP/1.1" 200 13895
"GET /collections/hololive-en/ HTTP/1.1" 200 14089
"GET /static/css/collection_list.css HTTP/1.1" 304 0
"GET /static/css/collections_list.css HTTP/1.1" 304 0
"GET /cart/view_cart/ HTTP/1.1" 200 13895
"GET /admin/shop/goods/add/ HTTP/1.1" 200 15925
"GET /admin/jsi18n/ HTTP/1.1" 200 15618
"POST /admin/shop/goods/add/ HTTP/1.1" 302 0
"GET /admin/shop/goods/ HTTP/1.1" 200 22256
"GET /admin/jsi18n/ HTTP/1.1" 200 15618
"GET /admin/shop/goods/add/ HTTP/1.1" 200 15925
"GET /admin/jsi18n/ HTTP/1.1" 200 15618
"POST /admin/shop/goods/add/ HTTP/1.1" 302 0
"GET /admin/shop/goods/ HTTP/1.1" 200 22778
"GET /admin/jsi18n/ HTTP/1.1" 200 15618
"GET /admin/shop/goods/add/ HTTP/1.1" 200 15925
"GET /admin/jsi18n/ HTTP/1.1" 200 15618
"POST /admin/shop/goods/add/ HTTP/1.1" 302 0
"GET /admin/shop/goods/ HTTP/1.1" 200 23325
"GET /admin/jsi18n/ HTTP/1.1" 200 15618
"GET /admin/shop/goods/add/ HTTP/1.1" 200 15925
"GET /admin/jsi18n/ HTTP/1.1" 200 15618
"POST /admin/shop/goods/add/ HTTP/1.1" 302 0
"GET /admin/shop/goods/ HTTP/1.1" 200 23830
"GET /admin/jsi18n/ HTTP/1.1" 200 15618
"GET /admin/shop/goods/16/change/ HTTP/1.1" 200 18322
"GET /admin/jsi18n/ HTTP/1.1" 200 15618
"GET /static/admin/img/tooltag-arrowright.svg HTTP/1.1" 200 280
"GET /admin/shop/goods/ HTTP/1.1" 200 23618
"GET /admin/shop/goods/add/ HTTP/1.1" 200 15925
"GET /admin/jsi18n/ HTTP/1.1" 200 15618
"POST /admin/shop/goods/add/ HTTP/1.1" 302 0
"GET /admin/shop/goods/ HTTP/1.1" 200 24355
"GET /admin/jsi18n/ HTTP/1.1" 200 15618
"GET /admin/shop/goods/add/ HTTP/1.1" 200 15925
"GET /admin/jsi18n/ HTTP/1.1" 200 15618
"POST /admin/shop/goods/add/ HTTP/1.1" 302 0
"GET /admin/shop/goods/ HTTP/1.1" 200 24888
"GET /admin/jsi18n/ HTTP/1.1" 200 15618
"GET /collections/hololive-en/ HTTP/1.1" 200 19401
"GET /static/css/collections_list.css HTTP/1.1" 304 0
"GET /media/photos/22-06-16/1_quo9du0.jpg HTTP/1.1" 200 259639
"GET /media/photos/22-06-17/1.jpg HTTP/1.1" 200 263088
"GET /media/photos/22-06-17/1_wICJOZG.jpg HTTP/1.1" 200 312729
"GET /media/photos/22-06-16/1_IC1rws4.jpg HTTP/1.1" 200 381987
"GET /media/photos/22-06-17/1_NUFbsKr.jpg HTTP/1.1" 200 466564
"GET /media/photos/22-06-16/1_SzsRyVO.png HTTP/1.1" 200 2705629
"GET /cart/view_cart/ HTTP/1.1" 200 13895
"GET /admin/shop/goods/add/ HTTP/1.1" 200 15925
"GET /admin/jsi18n/ HTTP/1.1" 200 15618
"POST /admin/shop/goods/add/ HTTP/1.1" 302 0
"GET /admin/shop/goods/ HTTP/1.1" 200 25609
"GET /admin/jsi18n/ HTTP/1.1" 200 15618
"GET /admin/shop/goods/add/ HTTP/1.1" 200 15925
"GET /admin/jsi18n/ HTTP/1.1" 200 15618
"GET /admin/shop/goods/ HTTP/1.1" 200 25389
"GET /admin/jsi18n/ HTTP/1.1" 200 15618
"GET /admin/shop/goods/add/ HTTP/1.1" 200 15925
"GET /admin/jsi18n/ HTTP/1.1" 200 15618
"POST /admin/shop/goods/add/ HTTP/1.1" 302 0
"GET /admin/shop/goods/ HTTP/1.1" 200 26231
"GET /admin/jsi18n/ HTTP/1.1" 200 15618
"GET /admin/shop/goods/add/ HTTP/1.1" 200 15925
"GET /admin/jsi18n/ HTTP/1.1" 200 15618
"POST /admin/shop/goods/add/ HTTP/1.1" 302 0
"GET /admin/shop/goods/ HTTP/1.1" 200 26764
"GET /admin/jsi18n/ HTTP/1.1" 200 15618
"GET /admin/shop/goods/add/ HTTP/1.1" 200 15925
"GET /admin/jsi18n/ HTTP/1.1" 200 15618
"POST /admin/shop/goods/add/ HTTP/1.1" 302 0
"GET /admin/shop/goods/ HTTP/1.1" 200 27287
"GET /admin/jsi18n/ HTTP/1.1" 200 15618
"GET / HTTP/1.1" 200 14870
"GET /static/css/slider.css HTTP/1.1" 200 2204
"GET /static/js/slider.js HTTP/1.1" 200 1479
"GET /static/img/img-slider/plush_preorder_banner_2048x.webp HTTP/1.1" 200 268164
"GET /static/img/img-slider/omori_preorder_banner_2048x.webp HTTP/1.1" 200 342868
"GET /static/img/img-slider/omori_banner1_71c5059d-da1e-4e64-b7e2-bf14d1545962_2048x.webp HTTP/1.1" 200 394408
"GET /cart/view_cart/ HTTP/1.1" 200 13895
"GET /collections/omori/ HTTP/1.1" 200 27323
"GET /media/photos/22-06-16/1_N3oq3QI.png HTTP/1.1" 304 0
"GET /media/photos/22-06-16/1_N1CR8rc.png HTTP/1.1" 304 0
"GET /media/photos/22-06-16/1_v4HoVll.jpg HTTP/1.1" 304 0
"GET /media/photos/22-06-16/1_eeFF65S.jpg HTTP/1.1" 304 0
"GET /media/photos/22-06-16/1.jpg HTTP/1.1" 304 0
"GET /media/photos/22-06-16/1_gTvpg3M.jpg HTTP/1.1" 304 0
"GET /media/photos/22-06-16/1_frfZqlv.jpg HTTP/1.1" 304 0
"GET /media/photos/22-06-16/1_A6zT5JI.jpg HTTP/1.1" 304 0
"GET /media/photos/22-06-16/1_TYbVizt.jpg HTTP/1.1" 304 0
"GET /media/photos/22-06-16/1_lfGYgvb.jpg HTTP/1.1" 304 0
"GET /media/photos/22-06-16/1_0rTda2K.jpg HTTP/1.1" 304 0
"GET /media/photos/22-06-16/1_59JkmQK.jpg HTTP/1.1" 304 0
"GET /media/photos/22-06-16/1_YqPSbjl.jpg HTTP/1.1" 304 0
"GET /media/photos/22-06-16/1_BvbyvhT.jpg HTTP/1.1" 304 0
"GET /media/photos/22-06-16/1_WL8M1cn.jpg HTTP/1.1" 304 0
"GET /cart/view_cart/ HTTP/1.1" 200 13895
"GET /collections/hololive-en/ HTTP/1.1" 200 20283
"GET /media/photos/22-06-16/1_quo9du0.jpg HTTP/1.1" 304 0
"GET /media/photos/22-06-16/1_SzsRyVO.png HTTP/1.1" 304 0
"GET /media/photos/22-06-17/1_NUFbsKr.jpg HTTP/1.1" 304 0
"GET /media/photos/22-06-17/1.jpg HTTP/1.1" 304 0
"GET /media/photos/22-06-16/1_IC1rws4.jpg HTTP/1.1" 304 0
"GET /media/photos/22-06-17/1_wICJOZG.jpg HTTP/1.1" 304 0
"GET /media/photos/22-06-17/1.png HTTP/1.1" 200 1562851
"GET /cart/view_cart/ HTTP/1.1" 200 13895
"GET / HTTP/1.1" 200 14870
"GET /cart/view_cart/ HTTP/1.1" 200 13895
"GET /collections/doki-doki-literature-club HTTP/1.1" 301 0
"GET /collections/doki-doki-literature-club/ HTTP/1.1" 200 16892
"GET /media/photos/22-06-17/1_pzAUv1g.jpg HTTP/1.1" 200 119746
"GET /media/photos/22-06-17/1_Rtx1YfE.jpg HTTP/1.1" 200 495315
"GET /media/photos/22-06-17/1_Hruq9P7.jpg HTTP/1.1" 200 317592
"GET /cart/view_cart/ HTTP/1.1" 200 13895
"GET /collections/ HTTP/1.1" 200 24801
"GET /media/img/collections/hololive.png HTTP/1.1" 304 0
"GET /media/img/collections/OMORI.jpg HTTP/1.1" 304 0
"GET /media/img/collections/apparel.jpg HTTP/1.1" 304 0
"GET /media/img/collections/ddlc.jpg HTTP/1.1" 304 0
"GET /media/img/collections/shirts.jpg HTTP/1.1" 304 0
"GET /media/img/collections/original.jpg HTTP/1.1" 304 0
"GET /media/img/collections/miku.jpg HTTP/1.1" 304 0
"GET /media/img/collections/sweaters.jpg HTTP/1.1" 304 0
"GET /media/img/collections/pins.jpg HTTP/1.1" 304 0
"GET /media/img/collections/stickers.jpg HTTP/1.1" 304 0
"GET /media/img/collections/Jackets.jpg HTTP/1.1" 304 0
"GET /media/img/collections/skate.jpg HTTP/1.1" 304 0
"GET /media/img/collections/books.jpg HTTP/1.1" 304 0
"GET /media/img/collections/accessories.jpg HTTP/1.1" 304 0
"GET /media/img/collections/posters.jpg HTTP/1.1" 304 0
"GET /media/img/collections/printed_matter.jpg HTTP/1.1" 304 0
"GET /media/img/collections/plushies.png HTTP/1.1" 304 0
"GET /cart/view_cart/ HTTP/1.1" 200 13895
"GET / HTTP/1.1" 200 14870
"GET /cart/view_cart/ HTTP/1.1" 200 13895
"GET /collections/hatsune-miku HTTP/1.1" 301 0
"GET /collections/hatsune-miku/ HTTP/1.1" 200 14091
"GET /cart/view_cart/ HTTP/1.1" 200 13895
"GET /collections/original HTTP/1.1" 301 0
"GET /collections/original/ HTTP/1.1" 200 14083
"GET /cart/view_cart/ HTTP/1.1" 200 13895
"GET /collections/shirts HTTP/1.1" 301 0
"GET /collections/shirts/ HTTP/1.1" 200 21160
"GET /cart/view_cart/ HTTP/1.1" 200 13895
"GET /collections/sweaters-1 HTTP/1.1" 301 0
Internal Server Error: /collections/sweaters-1/
Traceback (most recent call last):
  File "C:\Users\yauro\UWUDEAD_Shop\venv\lib\site-packages\django\core\handlers\exception.py", line 55, in inner
    response = get_response(request)
  File "C:\Users\yauro\UWUDEAD_Shop\venv\lib\site-packages\django\core\handlers\base.py", line 197, in _get_response
    response = wrapped_callback(request, *callback_args, **callback_kwargs)
  File "C:\Users\yauro\UWUDEAD_Shop\venv\lib\site-packages\django\views\generic\base.py", line 84, in view
    return self.dispatch(request, *args, **kwargs)
  File "C:\Users\yauro\UWUDEAD_Shop\venv\lib\site-packages\django\views\generic\base.py", line 119, in dispatch
    return handler(request, *args, **kwargs)
  File "C:\Users\yauro\UWUDEAD_Shop\venv\lib\site-packages\django\views\generic\list.py", line 174, in get
    context = self.get_context_data()
  File "C:\Users\yauro\UWUDEAD_Shop\shop\views.py", line 33, in get_context_data
    'collection': Collections.objects.get(slug=self.kwargs['collection_slug']),
  File "C:\Users\yauro\UWUDEAD_Shop\venv\lib\site-packages\django\db\models\manager.py", line 85, in manager_method
    return getattr(self.get_queryset(), name)(*args, **kwargs)
  File "C:\Users\yauro\UWUDEAD_Shop\venv\lib\site-packages\django\db\models\query.py", line 496, in get
    raise self.model.DoesNotExist(
shop.models.Collections.DoesNotExist: Collections matching query does not exist.
"GET /collections/sweaters-1/ HTTP/1.1" 500 91406
